Arguments: 
  /Users/alex_ware/.nvm/versions/node/v10.15.2/bin/node /usr/local/Cellar/yarn/1.21.1/libexec/bin/yarn.js upgrade

PATH: 
  /usr/local/opt/ruby/bin:/usr/local/lib/ruby/gems/2.6.0/bin:/Users/alex_ware/.oh-my-zsh/custom/plugins/git-open:/Users/alex_ware/.nvm/versions/node/v10.15.2/bin:/usr/local/bin:/usr/bin:/bin:/usr/sbin:/sbin:/usr/local/MacGPG2/bin:/usr/local/opt/ruby/bin:/usr/local/lib/ruby/gems/2.6.0/bin:/Users/alex_ware/.oh-my-zsh/custom/plugins/git-open:/Users/alex_ware/.nvm/versions/node/v10.15.2/bin:/Users/alex_ware/Library/Android/sdk/platform-tools:/Users/alex_ware/Library/Android/sdk/platform-tools

Yarn version: 
  1.21.1

Node version: 
  10.15.2

Platform: 
  darwin x64

Trace: 
  SyntaxError: /Users/alex_ware/code/gudocs/aws/package.json: Unexpected token } in JSON at position 652
      at JSON.parse (<anonymous>)
      at /usr/local/Cellar/yarn/1.21.1/libexec/lib/cli.js:1625:59
      at Generator.next (<anonymous>)
      at step (/usr/local/Cellar/yarn/1.21.1/libexec/lib/cli.js:310:30)
      at /usr/local/Cellar/yarn/1.21.1/libexec/lib/cli.js:321:13

npm manifest: 
  {
    "name": "gudocs-stack",
    "version": "1.0.0",
    "main": "index.js",
    "license": "MIT",
    "devDependencies": {
      "@aws-cdk/aws-elasticache": "^1.21.0",
      "@aws-cdk/aws-lambda": "^1.21.0",
      "@aws-cdk/core": "^1.21.0",
      "@types/node": "^13.1.7",
      "cdk": "^1.21.0",
      "ts-node": "^8.6.2",
      "typescript": "^3.7.4",
      "@aws-cdk/aws-apigateway": "^1.21.0",
      "@aws-cdk/aws-cloudfront": "^1.21.0",
      "@aws-cdk/aws-ec2": "^1.21.0",
      "@aws-cdk/aws-events": "^1.21.0",
      "@aws-cdk/aws-events-targets": "^1.21.0",
      "@aws-cdk/aws-s3": "^1.21.0"
    },
    "scripts": {
      "stack": "ts-node stack.ts",
      "synth": "cdk synth"
    },
  },

yarn manifest: 
  No manifest

Lockfile: 
  # THIS IS AN AUTOGENERATED FILE. DO NOT EDIT THIS FILE DIRECTLY.
  # yarn lockfile v1
  
  
  "@aws-cdk/assets@1.20.0":
    version "1.20.0"
    resolved "https://registry.yarnpkg.com/@aws-cdk/assets/-/assets-1.20.0.tgz#35d0cc00b056d882fad6ccb0b86cd9879008a466"
    integrity sha512-ePvt5D9L0kY3Fv82qqkgSIdnlZ9hRlbAXz9nxIwEERAzV72ym6qVs8DDzxqI3LnwNUcb/Tf46zXWAXUjrVBxGA==
    dependencies:
      "@aws-cdk/core" "1.20.0"
      "@aws-cdk/cx-api" "1.20.0"
      minimatch "^3.0.4"
  
  "@aws-cdk/aws-apigateway@1.20.0", "@aws-cdk/aws-apigateway@^1.20.0":
    version "1.20.0"
    resolved "https://registry.yarnpkg.com/@aws-cdk/aws-apigateway/-/aws-apigateway-1.20.0.tgz#4377139b7b7e2663a5e564cd0c3c158bbf9ca448"
    integrity sha512-NXWLUBuUTgPkgIIwVtYmqiopeKJJD7fHSUHElgQYJQqWHj61sZGMK9ndqr6UavVoy3WGK3je6Sk9WonL37do/A==
    dependencies:
      "@aws-cdk/aws-certificatemanager" "1.20.0"
      "@aws-cdk/aws-elasticloadbalancingv2" "1.20.0"
      "@aws-cdk/aws-iam" "1.20.0"
      "@aws-cdk/aws-lambda" "1.20.0"
      "@aws-cdk/core" "1.20.0"
  
  "@aws-cdk/aws-applicationautoscaling@1.20.0":
    version "1.20.0"
    resolved "https://registry.yarnpkg.com/@aws-cdk/aws-applicationautoscaling/-/aws-applicationautoscaling-1.20.0.tgz#d54dc4d14487422ae61bc5b6d1df3cb53abf2228"
    integrity sha512-4vo2u+LlRewmIVFoU/r4RpjGDJngJ23OTarB+3IhqbwPcqDqZ/M3AV+bhnVCfOqRzhFXHCuzJcV2yYcj55Q03Q==
    dependencies:
      "@aws-cdk/aws-autoscaling-common" "1.20.0"
      "@aws-cdk/aws-cloudwatch" "1.20.0"
      "@aws-cdk/aws-iam" "1.20.0"
      "@aws-cdk/core" "1.20.0"
  
  "@aws-cdk/aws-autoscaling-common@1.20.0":
    version "1.20.0"
    resolved "https://registry.yarnpkg.com/@aws-cdk/aws-autoscaling-common/-/aws-autoscaling-common-1.20.0.tgz#e9a6943fc652f40b76743711e6d765e1d3e7f84e"
    integrity sha512-zoIRvrfjSFD+5Pa32rFO1kAyMBDHC6UAIU05Uy004uJWKdZhnpaVO++b3brw8hDpB8+P1KJz9J5AfV3Q4bCkug==
    dependencies:
      "@aws-cdk/aws-iam" "1.20.0"
      "@aws-cdk/core" "1.20.0"
  
  "@aws-cdk/aws-autoscaling-hooktargets@1.20.0":
    version "1.20.0"
    resolved "https://registry.yarnpkg.com/@aws-cdk/aws-autoscaling-hooktargets/-/aws-autoscaling-hooktargets-1.20.0.tgz#8d268f03c44760abf231c7d8e2ef5944c3731e40"
    integrity sha512-0ypetwtodTysBX03y1sGfbg7vlLgTBSmE9iRhTkGew/n2n4CbXErWOEqYFj/Zk6GHZesUon+U0Easq1H8Q9E5w==
    dependencies:
      "@aws-cdk/aws-autoscaling" "1.20.0"
      "@aws-cdk/aws-iam" "1.20.0"
      "@aws-cdk/aws-lambda" "1.20.0"
      "@aws-cdk/aws-sns" "1.20.0"
      "@aws-cdk/aws-sns-subscriptions" "1.20.0"
      "@aws-cdk/aws-sqs" "1.20.0"
      "@aws-cdk/core" "1.20.0"
  
  "@aws-cdk/aws-autoscaling@1.20.0":
    version "1.20.0"
    resolved "https://registry.yarnpkg.com/@aws-cdk/aws-autoscaling/-/aws-autoscaling-1.20.0.tgz#ef9863b41fa37f878cab069257469cacaeae7e3f"
    integrity sha512-rS7vcEbvIZh/evECsKki5iWhlEwReLbsTqHLrgWVS49sznEbb1cbr7wl6DLcN9Vta8DswwU1ERHEjgXUGBp4Ng==
    dependencies:
      "@aws-cdk/aws-autoscaling-common" "1.20.0"
      "@aws-cdk/aws-cloudwatch" "1.20.0"
      "@aws-cdk/aws-ec2" "1.20.0"
      "@aws-cdk/aws-elasticloadbalancing" "1.20.0"
      "@aws-cdk/aws-elasticloadbalancingv2" "1.20.0"
      "@aws-cdk/aws-iam" "1.20.0"
      "@aws-cdk/aws-sns" "1.20.0"
      "@aws-cdk/core" "1.20.0"
  
  "@aws-cdk/aws-certificatemanager@1.20.0":
    version "1.20.0"
    resolved "https://registry.yarnpkg.com/@aws-cdk/aws-certificatemanager/-/aws-certificatemanager-1.20.0.tgz#d46d9e242ab69d0c45829334600efbcd9bbeab4d"
    integrity sha512-snyhADJLLtoSZeLytd35cLmydSnL5+ttEVURcRrBbgOl+htTgWkiyOxBT0+n7GAJw4ITMOOv+hJgjTJ0ZWPvBg==
    dependencies:
      "@aws-cdk/aws-cloudformation" "1.20.0"
      "@aws-cdk/aws-iam" "1.20.0"
      "@aws-cdk/aws-lambda" "1.20.0"
      "@aws-cdk/aws-route53" "1.20.0"
      "@aws-cdk/core" "1.20.0"
  
  "@aws-cdk/aws-cloudformation@1.20.0":
    version "1.20.0"
    resolved "https://registry.yarnpkg.com/@aws-cdk/aws-cloudformation/-/aws-cloudformation-1.20.0.tgz#c16ac3861234e542433a0c4bc22ba6d28f7752b8"
    integrity sha512-SFAwXr2M8WIszHrJCUbA8t/i5rfH5/ZZS0wNf5rFk0gyMFBKuvVp/DUvjatSdJDWYfEZMzInSL609Qtc/UKIgQ==
    dependencies:
      "@aws-cdk/aws-iam" "1.20.0"
      "@aws-cdk/aws-lambda" "1.20.0"
      "@aws-cdk/aws-s3" "1.20.0"
      "@aws-cdk/aws-sns" "1.20.0"
      "@aws-cdk/core" "1.20.0"
      "@aws-cdk/cx-api" "1.20.0"
  
  "@aws-cdk/aws-cloudfront@1.20.0", "@aws-cdk/aws-cloudfront@^1.20.0":
    version "1.20.0"
    resolved "https://registry.yarnpkg.com/@aws-cdk/aws-cloudfront/-/aws-cloudfront-1.20.0.tgz#98d2f1abc3e180b3b21d1cb52c095d72b4186230"
    integrity sha512-9oXEHtvZPtJ8zOzS5E+kSH/R45hcVb57EX1zcBiGtJJWpU6W4fmRx4LPJNzFjzV8XkUiv2KUCBoHRItOWJ6fqw==
    dependencies:
      "@aws-cdk/aws-certificatemanager" "1.20.0"
      "@aws-cdk/aws-iam" "1.20.0"
      "@aws-cdk/aws-kms" "1.20.0"
      "@aws-cdk/aws-lambda" "1.20.0"
      "@aws-cdk/aws-s3" "1.20.0"
      "@aws-cdk/core" "1.20.0"
  
  "@aws-cdk/aws-cloudwatch@1.20.0":
    version "1.20.0"
    resolved "https://registry.yarnpkg.com/@aws-cdk/aws-cloudwatch/-/aws-cloudwatch-1.20.0.tgz#4681d1b650c4f6705daed7b0fa03ed8cefb98b94"
    integrity sha512-wveQg1AmeU6yeirNOmjmvJMLbVfOWHnDfXQ5sva7aoQYei9SJsJdyJ3V78WA+7IKXZFcg4BIwuhHvkQfv7s4LA==
    dependencies:
      "@aws-cdk/aws-iam" "1.20.0"
      "@aws-cdk/core" "1.20.0"
  
  "@aws-cdk/aws-cloudwatch@1.21.0":
    version "1.21.0"
    resolved "https://registry.yarnpkg.com/@aws-cdk/aws-cloudwatch/-/aws-cloudwatch-1.21.0.tgz#fb14de613950c7658f6a86a210ad5ebe12ff9a39"
    integrity sha512-pw0R1eVLtMGkHViK2pYqo0DX5RmcxxykRWCoE+gIy6JcC/FXEvyE50QXIJeI4H4/xw3ycF6TdnbX7VHaMlAjOg==
    dependencies:
      "@aws-cdk/aws-iam" "1.21.0"
      "@aws-cdk/core" "1.21.0"
  
  "@aws-cdk/aws-codebuild@1.20.0":
    version "1.20.0"
    resolved "https://registry.yarnpkg.com/@aws-cdk/aws-codebuild/-/aws-codebuild-1.20.0.tgz#b9a1e0543161aa9c94de741d12bb18a1214a6e4f"
    integrity sha512-nW9HzP+GEsYrBGySEzVTwQ/fBOsRhVAmHiU2q/J40L43LMTeTUh2pOPqpqKzCBFovKOvNon2ZlATpHNW4kCzlQ==
    dependencies:
      "@aws-cdk/assets" "1.20.0"
      "@aws-cdk/aws-cloudwatch" "1.20.0"
      "@aws-cdk/aws-codecommit" "1.20.0"
      "@aws-cdk/aws-ec2" "1.20.0"
      "@aws-cdk/aws-ecr" "1.20.0"
      "@aws-cdk/aws-ecr-assets" "1.20.0"
      "@aws-cdk/aws-events" "1.20.0"
      "@aws-cdk/aws-iam" "1.20.0"
      "@aws-cdk/aws-kms" "1.20.0"
      "@aws-cdk/aws-s3" "1.20.0"
      "@aws-cdk/aws-s3-assets" "1.20.0"
      "@aws-cdk/aws-secretsmanager" "1.20.0"
      "@aws-cdk/core" "1.20.0"
  
  "@aws-cdk/aws-codecommit@1.20.0":
    version "1.20.0"
    resolved "https://registry.yarnpkg.com/@aws-cdk/aws-codecommit/-/aws-codecommit-1.20.0.tgz#1cda45f3e783d511c741528e126c665dcff51047"
    integrity sha512-vzQWN7rr25UaiIiBnfM8bj4UZw5KNnpMeMx5M1bJQdG57bQaPF+cumXp3Xw8vPu3dmIcLt0lUXxr1UBayORV1Q==
    dependencies:
      "@aws-cdk/aws-events" "1.20.0"
      "@aws-cdk/aws-iam" "1.20.0"
      "@aws-cdk/core" "1.20.0"
  
  "@aws-cdk/aws-codepipeline@1.20.0":
    version "1.20.0"
    resolved "https://registry.yarnpkg.com/@aws-cdk/aws-codepipeline/-/aws-codepipeline-1.20.0.tgz#eae2ee2dfcd5e29157d58fe4e46dfadca4d649ea"
    integrity sha512-wT33HAKAgvvBB+g51AcPQ0Ja13ftbcygvxLXGci/cxELDJ+l6bNyJdOcr+TlijLMbpqBNM1EXttSx/CTQQ/4wg==
    dependencies:
      "@aws-cdk/aws-events" "1.20.0"
      "@aws-cdk/aws-iam" "1.20.0"
      "@aws-cdk/aws-kms" "1.20.0"
      "@aws-cdk/aws-s3" "1.20.0"
      "@aws-cdk/core" "1.20.0"
  
  "@aws-cdk/aws-ec2@1.20.0":
    version "1.20.0"
    resolved "https://registry.yarnpkg.com/@aws-cdk/aws-ec2/-/aws-ec2-1.20.0.tgz#b10ecc7a1cced2ff89a70ecbf76cb77a14aa67c8"
    integrity sha512-z5w+0/ysCu+L+o1H4gXIyt/zPhZ3nm3Ts/HybNr5C3ZRk5adSe1rkDC5rQBfRJTqW9NVXvwjABUTYiVla4nwaQ==
    dependencies:
      "@aws-cdk/aws-cloudwatch" "1.20.0"
      "@aws-cdk/aws-iam" "1.20.0"
      "@aws-cdk/aws-ssm" "1.20.0"
      "@aws-cdk/core" "1.20.0"
      "@aws-cdk/cx-api" "1.20.0"
  
  "@aws-cdk/aws-ec2@^1.21.0":
    version "1.21.0"
    resolved "https://registry.yarnpkg.com/@aws-cdk/aws-ec2/-/aws-ec2-1.21.0.tgz#057492ce6e2a1bd5776d440f9b608693b4b5176c"
    integrity sha512-yFJDhxAD6UsO6ZVPg46FWQ/r+vrQodaheXFetutqUtqUAXJg/T5F1/32oLD3/esv26FN06lJYvMnh+aPOI8k3w==
    dependencies:
      "@aws-cdk/aws-cloudwatch" "1.21.0"
      "@aws-cdk/aws-iam" "1.21.0"
      "@aws-cdk/aws-ssm" "1.21.0"
      "@aws-cdk/core" "1.21.0"
      "@aws-cdk/cx-api" "1.21.0"
  
  "@aws-cdk/aws-ecr-assets@1.20.0":
    version "1.20.0"
    resolved "https://registry.yarnpkg.com/@aws-cdk/aws-ecr-assets/-/aws-ecr-assets-1.20.0.tgz#e4ca2e2bc78deacca993caf84a4b9f2f85dcf2fa"
    integrity sha512-leq9sCTqlK7nl/NWE1XiaXAvXGOU0TnRg79Eu5kIVEOuBZshF5/QG+fQtq27caMfTe0OnsfQl+XMko/xqy2jFA==
    dependencies:
      "@aws-cdk/assets" "1.20.0"
      "@aws-cdk/aws-cloudformation" "1.20.0"
      "@aws-cdk/aws-ecr" "1.20.0"
      "@aws-cdk/aws-iam" "1.20.0"
      "@aws-cdk/aws-lambda" "1.20.0"
      "@aws-cdk/aws-s3" "1.20.0"
      "@aws-cdk/core" "1.20.0"
      "@aws-cdk/cx-api" "1.20.0"
  
  "@aws-cdk/aws-ecr@1.20.0":
    version "1.20.0"
    resolved "https://registry.yarnpkg.com/@aws-cdk/aws-ecr/-/aws-ecr-1.20.0.tgz#0b3566eac1b984df2f566faf0960e2fba5d87de8"
    integrity sha512-5kxsdX6nlBiUP0kPAWD73f6skzoKtyNI9VYUsJpIMB6O9d0oM5TOx+Wm0uzXlWqs1PGo0+juYU5KB6/snxhEOg==
    dependencies:
      "@aws-cdk/aws-events" "1.20.0"
      "@aws-cdk/aws-iam" "1.20.0"
      "@aws-cdk/core" "1.20.0"
  
  "@aws-cdk/aws-ecs@1.20.0":
    version "1.20.0"
    resolved "https://registry.yarnpkg.com/@aws-cdk/aws-ecs/-/aws-ecs-1.20.0.tgz#f55565fd21107a4596059ec1b53f6a71e7197b15"
    integrity sha512-L/Wo1F6owJJwLkuWNwmYqCAy0/662NVuYmlLwgK8LhpYjHuKXv7qqD3Vrvq85bRzqfvAppd3nw+klUOh1vtk8g==
    dependencies:
      "@aws-cdk/aws-applicationautoscaling" "1.20.0"
      "@aws-cdk/aws-autoscaling" "1.20.0"
      "@aws-cdk/aws-autoscaling-hooktargets" "1.20.0"
      "@aws-cdk/aws-certificatemanager" "1.20.0"
      "@aws-cdk/aws-cloudformation" "1.20.0"
      "@aws-cdk/aws-cloudwatch" "1.20.0"
      "@aws-cdk/aws-ec2" "1.20.0"
      "@aws-cdk/aws-ecr" "1.20.0"
      "@aws-cdk/aws-ecr-assets" "1.20.0"
      "@aws-cdk/aws-elasticloadbalancing" "1.20.0"
      "@aws-cdk/aws-elasticloadbalancingv2" "1.20.0"
      "@aws-cdk/aws-iam" "1.20.0"
      "@aws-cdk/aws-lambda" "1.20.0"
      "@aws-cdk/aws-logs" "1.20.0"
      "@aws-cdk/aws-route53" "1.20.0"
      "@aws-cdk/aws-route53-targets" "1.20.0"
      "@aws-cdk/aws-secretsmanager" "1.20.0"
      "@aws-cdk/aws-servicediscovery" "1.20.0"
      "@aws-cdk/aws-sns" "1.20.0"
      "@aws-cdk/aws-sqs" "1.20.0"
      "@aws-cdk/aws-ssm" "1.20.0"
      "@aws-cdk/core" "1.20.0"
      "@aws-cdk/cx-api" "1.20.0"
  
  "@aws-cdk/aws-elasticache@^1.20.0":
    version "1.20.0"
    resolved "https://registry.yarnpkg.com/@aws-cdk/aws-elasticache/-/aws-elasticache-1.20.0.tgz#93f7daeabb4ce30366c3f358cc155168ebb7695f"
    integrity sha512-A2iWqU87svLCq5HG2rlSVkUep9PWlspT9/v6Kg7hKN6VebP/ZXrAysx1MZOhTeOnCL4wYN3RWpx7HhLujRl8hw==
    dependencies:
      "@aws-cdk/core" "1.20.0"
  
  "@aws-cdk/aws-elasticloadbalancing@1.20.0":
    version "1.20.0"
    resolved "https://registry.yarnpkg.com/@aws-cdk/aws-elasticloadbalancing/-/aws-elasticloadbalancing-1.20.0.tgz#da02e37eb29529401a81cfbc000acb15b166f016"
    integrity sha512-rI1JEnQRSasYsGvzUwB5RquqhmGUR0G3lSXbiwQDkeDFX/zDQt/MUuWCYnyn1XTS4OvU8C4fYljgIGg4VsyIvA==
    dependencies:
      "@aws-cdk/aws-ec2" "1.20.0"
      "@aws-cdk/core" "1.20.0"
  
  "@aws-cdk/aws-elasticloadbalancingv2@1.20.0":
    version "1.20.0"
    resolved "https://registry.yarnpkg.com/@aws-cdk/aws-elasticloadbalancingv2/-/aws-elasticloadbalancingv2-1.20.0.tgz#28acf32500b8c82ed29ed6fd3746266ba57e5644"
    integrity sha512-Y/jefY2ny0/+CIiH6crD4o4lJ8cGlV0rf2oVVSFEW7SLTdDRTWAzGljSqvGUPaF+1ooJgwL3oiMnQvVTjafXAA==
    dependencies:
      "@aws-cdk/aws-certificatemanager" "1.20.0"
      "@aws-cdk/aws-cloudwatch" "1.20.0"
      "@aws-cdk/aws-ec2" "1.20.0"
      "@aws-cdk/aws-iam" "1.20.0"
      "@aws-cdk/aws-lambda" "1.20.0"
      "@aws-cdk/aws-s3" "1.20.0"
      "@aws-cdk/core" "1.20.0"
  
  "@aws-cdk/aws-events-targets@^1.20.0":
    version "1.20.0"
    resolved "https://registry.yarnpkg.com/@aws-cdk/aws-events-targets/-/aws-events-targets-1.20.0.tgz#ca155b5f3b12b346d0743c3611d6ee2deeee9374"
    integrity sha512-5uBp9phoOr+ObHM9HXVgfV2zb3dTxXxLrFew/i/gLKcvd/WpegKZAlFzpXv3E7LOeizjyAkakHxuohPqWCZsxQ==
    dependencies:
      "@aws-cdk/aws-cloudformation" "1.20.0"
      "@aws-cdk/aws-codebuild" "1.20.0"
      "@aws-cdk/aws-codepipeline" "1.20.0"
      "@aws-cdk/aws-ec2" "1.20.0"
      "@aws-cdk/aws-ecs" "1.20.0"
      "@aws-cdk/aws-events" "1.20.0"
      "@aws-cdk/aws-iam" "1.20.0"
      "@aws-cdk/aws-lambda" "1.20.0"
      "@aws-cdk/aws-sns" "1.20.0"
      "@aws-cdk/aws-sns-subscriptions" "1.20.0"
      "@aws-cdk/aws-sqs" "1.20.0"
      "@aws-cdk/aws-stepfunctions" "1.20.0"
      "@aws-cdk/core" "1.20.0"
  
  "@aws-cdk/aws-events@1.20.0", "@aws-cdk/aws-events@^1.20.0":
    version "1.20.0"
    resolved "https://registry.yarnpkg.com/@aws-cdk/aws-events/-/aws-events-1.20.0.tgz#5b07c358dd278b0dd2cc73820d0dda445a60c56f"
    integrity sha512-Szqq0VO4A2RDhz1SL3k1I37gAIvN3oKSaCSM+Kl5ueBmoQfNu5jIF5YxADovKkUxPH0iGKKQ9ANrSzGEE/nUtA==
    dependencies:
      "@aws-cdk/aws-iam" "1.20.0"
      "@aws-cdk/core" "1.20.0"
  
  "@aws-cdk/aws-iam@1.20.0":
    version "1.20.0"
    resolved "https://registry.yarnpkg.com/@aws-cdk/aws-iam/-/aws-iam-1.20.0.tgz#6b381f786d761a0582df680b59a94e7d33ecd4e1"
    integrity sha512-N6PaE8H1jS4VuXG8Wjg3no7gAoqWKmPT/phzS2YSTU7RjFPq5lc/dgHp0229P1tBPFd89+8eSdLJ29pv7bsYzA==
    dependencies:
      "@aws-cdk/core" "1.20.0"
      "@aws-cdk/region-info" "1.20.0"
  
  "@aws-cdk/aws-iam@1.21.0":
    version "1.21.0"
    resolved "https://registry.yarnpkg.com/@aws-cdk/aws-iam/-/aws-iam-1.21.0.tgz#d697187cefb7ebf82d55acf4249afe587cfaab07"
    integrity sha512-WyAWyKPHWSv324EF068HPj2pPYq7EY15jnalIpVRrWLJ6rZhPqwzhQgc0RhgWNd8+e8QFFZCY7KWzDYV7AAz5g==
    dependencies:
      "@aws-cdk/core" "1.21.0"
      "@aws-cdk/region-info" "1.21.0"
  
  "@aws-cdk/aws-kms@1.20.0":
    version "1.20.0"
    resolved "https://registry.yarnpkg.com/@aws-cdk/aws-kms/-/aws-kms-1.20.0.tgz#0e0957cbeff7f00ae89bb44f57ee58925f9c7079"
    integrity sha512-QoQJgqS+sXu1Btv7cWiY3FDElgD/Gtac6uTPg4VAYTiOC3MD0P9Z4Sf+fM7QHypGT9ugnuzTzn/lYnmMJGwoXQ==
    dependencies:
      "@aws-cdk/aws-iam" "1.20.0"
      "@aws-cdk/core" "1.20.0"
  
  "@aws-cdk/aws-kms@1.21.0":
    version "1.21.0"
    resolved "https://registry.yarnpkg.com/@aws-cdk/aws-kms/-/aws-kms-1.21.0.tgz#6cb63f73a1d2a2315591b9b2d3400b93b88135a2"
    integrity sha512-pwR05bTycdiq/6J4YAAIWFr8XhD/e588bpxdcSgCcGeJGdiUpZ5Fq5nS6TY6HGNMAS/aazyHRkK13vSN2HXyPw==
    dependencies:
      "@aws-cdk/aws-iam" "1.21.0"
      "@aws-cdk/core" "1.21.0"
  
  "@aws-cdk/aws-lambda@1.20.0", "@aws-cdk/aws-lambda@^1.20.0":
    version "1.20.0"
    resolved "https://registry.yarnpkg.com/@aws-cdk/aws-lambda/-/aws-lambda-1.20.0.tgz#02d7cb154e5baa7492055628806f635e4c74d26b"
    integrity sha512-a+Qfr+Og37vMeXjOn+j33OVfCsk+JWaohWbo8fTBzJ6Ec6VmTBTOgs3UeZMNizBitxS+tOgZIXlAy7tO8+kGvw==
    dependencies:
      "@aws-cdk/aws-cloudwatch" "1.20.0"
      "@aws-cdk/aws-ec2" "1.20.0"
      "@aws-cdk/aws-events" "1.20.0"
      "@aws-cdk/aws-iam" "1.20.0"
      "@aws-cdk/aws-logs" "1.20.0"
      "@aws-cdk/aws-s3" "1.20.0"
      "@aws-cdk/aws-s3-assets" "1.20.0"
      "@aws-cdk/aws-sqs" "1.20.0"
      "@aws-cdk/core" "1.20.0"
      "@aws-cdk/cx-api" "1.20.0"
  
  "@aws-cdk/aws-logs@1.20.0":
    version "1.20.0"
    resolved "https://registry.yarnpkg.com/@aws-cdk/aws-logs/-/aws-logs-1.20.0.tgz#7df27298eb06cc2a1d92f3acb265bd19bd77b562"
    integrity sha512-GTtU63P2UVLRZL6978vXb2VDT/0SzSh6O4EQBj363v3T7PqYc4B9ONVcFti7ajD01+ltItwmNYhfzZ2vv+/3jA==
    dependencies:
      "@aws-cdk/aws-cloudwatch" "1.20.0"
      "@aws-cdk/aws-iam" "1.20.0"
      "@aws-cdk/core" "1.20.0"
  
  "@aws-cdk/aws-route53-targets@1.20.0":
    version "1.20.0"
    resolved "https://registry.yarnpkg.com/@aws-cdk/aws-route53-targets/-/aws-route53-targets-1.20.0.tgz#dbf39308ba1124a44c4982b323125829abe4fc53"
    integrity sha512-vlN3YtjbDEMY2OidHOFqZ80OsIqBwIkxvWkwJr9n5H/P22GTptnVwmF0EjU2wIjCwTnDiRQL48GFegk+RkvZgg==
    dependencies:
      "@aws-cdk/aws-apigateway" "1.20.0"
      "@aws-cdk/aws-cloudfront" "1.20.0"
      "@aws-cdk/aws-elasticloadbalancing" "1.20.0"
      "@aws-cdk/aws-elasticloadbalancingv2" "1.20.0"
      "@aws-cdk/aws-iam" "1.20.0"
      "@aws-cdk/aws-route53" "1.20.0"
      "@aws-cdk/aws-s3" "1.20.0"
      "@aws-cdk/core" "1.20.0"
      "@aws-cdk/region-info" "1.20.0"
  
  "@aws-cdk/aws-route53@1.20.0":
    version "1.20.0"
    resolved "https://registry.yarnpkg.com/@aws-cdk/aws-route53/-/aws-route53-1.20.0.tgz#ba7a2d23ec3be87c516fc2b45d16adaad76a5313"
    integrity sha512-JOmuZiHQgp+f8Wd5TPN8Q2KXAkeFhYzf2oTnt69HMHCeihC8fUNlTeqWmAHXhXK/s4XdG0UmDvLYlNxPVE9DNw==
    dependencies:
      "@aws-cdk/aws-ec2" "1.20.0"
      "@aws-cdk/aws-logs" "1.20.0"
      "@aws-cdk/core" "1.20.0"
      "@aws-cdk/cx-api" "1.20.0"
  
  "@aws-cdk/aws-s3-assets@1.20.0":
    version "1.20.0"
    resolved "https://registry.yarnpkg.com/@aws-cdk/aws-s3-assets/-/aws-s3-assets-1.20.0.tgz#ad5405abd40970124c87970432e26bf708d45481"
    integrity sha512-G2vaSYnb31OlQfMh70kMZtC4DUaRKx64l+tjnm/LzCBd1X+IZU5++4Qq/1Y4w3iLju10pedhl9bCHfuxeXU2+A==
    dependencies:
      "@aws-cdk/assets" "1.20.0"
      "@aws-cdk/aws-iam" "1.20.0"
      "@aws-cdk/aws-s3" "1.20.0"
      "@aws-cdk/core" "1.20.0"
      "@aws-cdk/cx-api" "1.20.0"
  
  "@aws-cdk/aws-s3@1.20.0", "@aws-cdk/aws-s3@^1.20.0":
    version "1.20.0"
    resolved "https://registry.yarnpkg.com/@aws-cdk/aws-s3/-/aws-s3-1.20.0.tgz#d5a4f1ceac542cafcfd10d6e92556e32178f0780"
    integrity sha512-ZbQjpeoEPJF9JOftFsj1Mn4nZUOjj/rufj2Ws7wrymDkjjXO7AsZQCVEthsyN1//37zD0Ny65mUatOXhmDNWMA==
    dependencies:
      "@aws-cdk/aws-events" "1.20.0"
      "@aws-cdk/aws-iam" "1.20.0"
      "@aws-cdk/aws-kms" "1.20.0"
      "@aws-cdk/core" "1.20.0"
  
  "@aws-cdk/aws-sam@1.20.0":
    version "1.20.0"
    resolved "https://registry.yarnpkg.com/@aws-cdk/aws-sam/-/aws-sam-1.20.0.tgz#03e9d1994eec989b1cd8c6c77c9cbde06f5c4be7"
    integrity sha512-Oi2piPmBEZCKbbb7xXxZR+Epbn7wrNYowxd7W0q7MddWd96s9Hf9OxeLXY9SrX6WtV/Lp4MxdMF4ihj6d+XALg==
    dependencies:
      "@aws-cdk/core" "1.20.0"
  
  "@aws-cdk/aws-secretsmanager@1.20.0":
    version "1.20.0"
    resolved "https://registry.yarnpkg.com/@aws-cdk/aws-secretsmanager/-/aws-secretsmanager-1.20.0.tgz#573260d7c8a935005e578532e02ad88f84c7ca45"
    integrity sha512-Pjd9pP2MtnnWOHmzuryOiTRqFWu+89FZNYNrMlHHPaWhaCJpSecxIll8AB0Jr7oETfA+vJclUWwEV5FdHiyE1w==
    dependencies:
      "@aws-cdk/aws-ec2" "1.20.0"
      "@aws-cdk/aws-iam" "1.20.0"
      "@aws-cdk/aws-kms" "1.20.0"
      "@aws-cdk/aws-lambda" "1.20.0"
      "@aws-cdk/aws-sam" "1.20.0"
      "@aws-cdk/core" "1.20.0"
  
  "@aws-cdk/aws-servicediscovery@1.20.0":
    version "1.20.0"
    resolved "https://registry.yarnpkg.com/@aws-cdk/aws-servicediscovery/-/aws-servicediscovery-1.20.0.tgz#05a24ba21e1daf07d18dde17ddd2bfeedb915db9"
    integrity sha512-h6x7gAO7m1x2il1N8HQj7lhkep71lvzI/u49I/N+XNkJKcogANnDWxcWYxyA0XyL73E3YCmS38NoDCts5ODHQg==
    dependencies:
      "@aws-cdk/aws-ec2" "1.20.0"
      "@aws-cdk/aws-elasticloadbalancingv2" "1.20.0"
      "@aws-cdk/aws-route53" "1.20.0"
      "@aws-cdk/core" "1.20.0"
  
  "@aws-cdk/aws-sns-subscriptions@1.20.0":
    version "1.20.0"
    resolved "https://registry.yarnpkg.com/@aws-cdk/aws-sns-subscriptions/-/aws-sns-subscriptions-1.20.0.tgz#3fea032b5c1cc14ab6f6b2eb151baf95dc7fb09a"
    integrity sha512-urRGBveMmsJCvNmZooF+s8FFtdK0XAlc34WXgAOVPrQwWXzv+93eTh9PNDkpiNg/HC4Uzg8EYpYhvniZ0c1uLw==
    dependencies:
      "@aws-cdk/aws-iam" "1.20.0"
      "@aws-cdk/aws-lambda" "1.20.0"
      "@aws-cdk/aws-sns" "1.20.0"
      "@aws-cdk/aws-sqs" "1.20.0"
      "@aws-cdk/core" "1.20.0"
  
  "@aws-cdk/aws-sns@1.20.0":
    version "1.20.0"
    resolved "https://registry.yarnpkg.com/@aws-cdk/aws-sns/-/aws-sns-1.20.0.tgz#e7e81d5651d8eb010767afded5df3049d340f5c8"
    integrity sha512-zlDhRhZXYcRjadJP9Rxe3urt1JEZFQuJUbMaHtFK5jE1lTEoa1/mgEofCW4i/ZYGiV23tmVf0RIZFrgpAqCQqw==
    dependencies:
      "@aws-cdk/aws-cloudwatch" "1.20.0"
      "@aws-cdk/aws-events" "1.20.0"
      "@aws-cdk/aws-iam" "1.20.0"
      "@aws-cdk/aws-kms" "1.20.0"
      "@aws-cdk/core" "1.20.0"
  
  "@aws-cdk/aws-sqs@1.20.0":
    version "1.20.0"
    resolved "https://registry.yarnpkg.com/@aws-cdk/aws-sqs/-/aws-sqs-1.20.0.tgz#158a127fe804c0f01f01b3620a0e72b6574af4d0"
    integrity sha512-uM+Fc89THXSGpERCNP2C7FLMNtM5Yv9692cz5TMHXZRxmdTnmXVTbzoOXw4v13mH+Y7rEl1z4JBTr4QYIRXQWw==
    dependencies:
      "@aws-cdk/aws-cloudwatch" "1.20.0"
      "@aws-cdk/aws-iam" "1.20.0"
      "@aws-cdk/aws-kms" "1.20.0"
      "@aws-cdk/core" "1.20.0"
  
  "@aws-cdk/aws-ssm@1.20.0":
    version "1.20.0"
    resolved "https://registry.yarnpkg.com/@aws-cdk/aws-ssm/-/aws-ssm-1.20.0.tgz#4209fbffc107f29b2943aa5c5a50d2048446da03"
    integrity sha512-JM1oMEgkPR8lZAaTGfA/u/83DXdOr0wH41wr1GXhjfkJae57ojp0kdqMwoe71DBcU1RbFSjadGGP+5iDvSliEA==
    dependencies:
      "@aws-cdk/aws-iam" "1.20.0"
      "@aws-cdk/aws-kms" "1.20.0"
      "@aws-cdk/core" "1.20.0"
      "@aws-cdk/cx-api" "1.20.0"
  
  "@aws-cdk/aws-ssm@1.21.0":
    version "1.21.0"
    resolved "https://registry.yarnpkg.com/@aws-cdk/aws-ssm/-/aws-ssm-1.21.0.tgz#0635971e6ac40f8e043aec60e4839e69f3501452"
    integrity sha512-dsSxoyZ4JlFkfGZxsumgJiiUe3ifUOzSirDSGOtfyxK4N6qtyH/AUMsDm7+hXmpFaFBrxNMv7VvZdO/2DjVxYg==
    dependencies:
      "@aws-cdk/aws-iam" "1.21.0"
      "@aws-cdk/aws-kms" "1.21.0"
      "@aws-cdk/core" "1.21.0"
      "@aws-cdk/cx-api" "1.21.0"
  
  "@aws-cdk/aws-stepfunctions@1.20.0":
    version "1.20.0"
    resolved "https://registry.yarnpkg.com/@aws-cdk/aws-stepfunctions/-/aws-stepfunctions-1.20.0.tgz#d78be474aaf7e497b5eeeb52b7f4f51b003f9f2f"
    integrity sha512-olD5zHSLy4trYCttk8fIIzc9vblAc10rB+oNv8qLB1XSDB1Ij3mq+kwhGBbRj9RIID4WgjzR0GoDfMlWrZHFNw==
    dependencies:
      "@aws-cdk/aws-cloudwatch" "1.20.0"
      "@aws-cdk/aws-events" "1.20.0"
      "@aws-cdk/aws-iam" "1.20.0"
      "@aws-cdk/core" "1.20.0"
  
  "@aws-cdk/cfnspec@1.20.0":
    version "1.20.0"
    resolved "https://registry.yarnpkg.com/@aws-cdk/cfnspec/-/cfnspec-1.20.0.tgz#f7f537d9484427b9907da011cb495dae3f2d0e1a"
    integrity sha512-WT3AcS1k0Fgr/EJItGFTgyjbF1+vmVjkd6qSRasgBRzUGoOvdPNN7J3YzO6CSTXTrI7+RPCCqXdW6Ri5yLyEfw==
    dependencies:
      md5 "^2.2.1"
  
  "@aws-cdk/cloudformation-diff@1.20.0":
    version "1.20.0"
    resolved "https://registry.yarnpkg.com/@aws-cdk/cloudformation-diff/-/cloudformation-diff-1.20.0.tgz#bf9af8ad6a6b2e0a5863f9ab2e1fae268523950a"
    integrity sha512-7t8/WSOeQQ4jbc9wN0NDP/SJ02/lsDZi5W67itQzHGqRF6qASC9pN1l+91vjZix8Y/nf8d12HRqbbjg0FTHPYg==
    dependencies:
      "@aws-cdk/cfnspec" "1.20.0"
      "@aws-cdk/cx-api" "1.20.0"
      colors "^1.4.0"
      diff "^4.0.1"
      fast-deep-equal "^3.1.1"
      string-width "^4.2.0"
      table "^5.4.6"
  
  "@aws-cdk/core@1.20.0", "@aws-cdk/core@^1.20.0":
    version "1.20.0"
    resolved "https://registry.yarnpkg.com/@aws-cdk/core/-/core-1.20.0.tgz#41ce8189344d6463cfbb705b7d966b049640dea8"
    integrity sha512-nzgNG4P583IkEdpaskx5/6L+xTDQ3qyxi++bb2QgGlH1VEjU80/pexRCduuSIyejcWq2pe8c5PHaXjHzvO7xpA==
    dependencies:
      "@aws-cdk/cx-api" "1.20.0"
  
  "@aws-cdk/core@1.21.0":
    version "1.21.0"
    resolved "https://registry.yarnpkg.com/@aws-cdk/core/-/core-1.21.0.tgz#7dc97f05268a6d376a71c68030e5b60c7ab235ef"
    integrity sha512-LpdGWrawxYazeRKE5SpQ22Ph0oEveeUlnw4SHpDwHmp8pCrAQQ2sxJrNQjLDb5qCyLjjkacvVM30CBlLbNSyeg==
    dependencies:
      "@aws-cdk/cx-api" "1.21.0"
  
  "@aws-cdk/cx-api@1.20.0":
    version "1.20.0"
    resolved "https://registry.yarnpkg.com/@aws-cdk/cx-api/-/cx-api-1.20.0.tgz#a28414ad5f37c116318d6fd0289aefee99297bfc"
    integrity sha512-Ih16M19CXBkA6e3LFuf3aquhAJnNRUWAfRuj+gk/wS4JeaTa7mqFU4e2fAb8nHFhFho9YcW7QLCd3GW3HiBvWA==
    dependencies:
      semver "^7.1.1"
  
  "@aws-cdk/cx-api@1.21.0":
    version "1.21.0"
    resolved "https://registry.yarnpkg.com/@aws-cdk/cx-api/-/cx-api-1.21.0.tgz#cdc0075c6b4ef27aee21700e9be198c87b5e8b15"
    integrity sha512-+t6r/KFO7NjTodJWbRtadvX7jMV/YOdjqB+ZL6k9M/sRU00X4dGHQWn0GatvlpJTCurQi/TTCLGd9JUDWtmOaA==
    dependencies:
      semver "^7.1.1"
  
  "@aws-cdk/region-info@1.20.0":
    version "1.20.0"
    resolved "https://registry.yarnpkg.com/@aws-cdk/region-info/-/region-info-1.20.0.tgz#3c43c846062e8ef77d9b287810d6ac646f46d132"
    integrity sha512-72APXy2/ggQuvssCnyP8/3mx4j1ZWcYm2tm8lcgEcJPIQvb/WDaTCVsKEKRJtXSJIWa/jyCgZqtQ7ptvgerrYw==
  
  "@aws-cdk/region-info@1.21.0":
    version "1.21.0"
    resolved "https://registry.yarnpkg.com/@aws-cdk/region-info/-/region-info-1.21.0.tgz#b65237ad7badec7a26a7d7464a9151e308dcfa5f"
    integrity sha512-xOEdfOLVasN4/96k/7IX4hNW1/v7koKQuKkA5fyetPKivM6Kw0FC/KWwCi3cyvCuZoTA4hHqmSDpCP/7AGj5AA==
  
  "@babel/runtime-corejs2@^7.2.0":
    version "7.8.3"
    resolved "https://registry.yarnpkg.com/@babel/runtime-corejs2/-/runtime-corejs2-7.8.3.tgz#b62a61e0c41a90d2d91181fda6de21cecd3a9734"
    integrity sha512-yxJXBKdIogkfF+wgeJrvU7Afp5ugBi92NzSgNPWWKVoQAlixH3gwMP6yYYr7SV1Dbc0HmNw7WUJkV5ksvtQuHg==
    dependencies:
      core-js "^2.6.5"
      regenerator-runtime "^0.13.2"
  
  "@babel/runtime@^7.6.3":
    version "7.8.3"
    resolved "https://registry.yarnpkg.com/@babel/runtime/-/runtime-7.8.3.tgz#0811944f73a6c926bb2ad35e918dcc1bfab279f1"
    integrity sha512-fVHx1rzEmwB130VTkLnxR+HmxcTjGzH12LYQcFFoBwakMd3aOMD4OsRN7tGG/UOYE2ektgFrS8uACAoRk1CY0w==
    dependencies:
      regenerator-runtime "^0.13.2"
  
  "@types/color-name@^1.1.1":
    version "1.1.1"
    resolved "https://registry.yarnpkg.com/@types/color-name/-/color-name-1.1.1.tgz#1c1261bbeaa10a8055bbc5d8ab84b7b2afc846a0"
    integrity sha512-rr+OQyAjxze7GgWrSaJwydHStIhHq2lvY3BOC2Mj7KnzI7XK0Uw1TOOdI9lDoajEbSWLiYgoo4f1R51erQfhPQ==
  
  "@types/node@^13.1.7":
    version "13.1.7"
    resolved "https://registry.yarnpkg.com/@types/node/-/node-13.1.7.tgz#db51d28b8dfacfe4fb2d0da88f5eb0a2eca00675"
    integrity sha512-HU0q9GXazqiKwviVxg9SI/+t/nAsGkvLDkIdxz+ObejG2nX6Si00TeLqHMoS+a/1tjH7a8YpKVQwtgHuMQsldg==
  
  ajv@^6.10.2, ajv@^6.5.5:
    version "6.10.2"
    resolved "https://registry.yarnpkg.com/ajv/-/ajv-6.10.2.tgz#d3cea04d6b017b2894ad69040fec8b623eb4bd52"
    integrity sha512-TXtUUEYHuaTEbLZWIKUr5pmBuhDLy+8KYtPYdcV8qC+pOZL+NKqYwvWSRrVXHn+ZmRRAu8vJTAznH7Oag6RVRw==
    dependencies:
      fast-deep-equal "^2.0.1"
      fast-json-stable-stringify "^2.0.0"
      json-schema-traverse "^0.4.1"
      uri-js "^4.2.2"
  
  ansi-regex@^4.1.0:
    version "4.1.0"
    resolved "https://registry.yarnpkg.com/ansi-regex/-/ansi-regex-4.1.0.tgz#8b9f8f08cf1acb843756a839ca8c7e3168c51997"
    integrity sha512-1apePfXM1UOSqw0o9IiFAovVz9M5S1Dg+4TrDwfMewQ6p/rmMueb7tWZjQ1rx4Loy1ArBggoqGpfqqdI4rondg==
  
  ansi-regex@^5.0.0:
    version "5.0.0"
    resolved "https://registry.yarnpkg.com/ansi-regex/-/ansi-regex-5.0.0.tgz#388539f55179bf39339c81af30a654d69f87cb75"
    integrity sha512-bY6fj56OUQ0hU1KjFNDQuJFezqKdrAyFdIevADiqrWHwSlbmBNMHp5ak2f40Pm8JTFyM2mqxkG6ngkHO11f/lg==
  
  ansi-styles@^3.2.0:
    version "3.2.1"
    resolved "https://registry.yarnpkg.com/ansi-styles/-/ansi-styles-3.2.1.tgz#41fbb20243e50b12be0f04b8dedbf07520ce841d"
    integrity sha512-VT0ZI6kZRdTh8YyJw3SMbYm/u+NqfsAxEpWO0Pf9sq8/e94WxxOpPKx9FR1FlyCtOVDNOQ+8ntlqFxiRc+r5qA==
    dependencies:
      color-convert "^1.9.0"
  
  ansi-styles@^4.0.0:
    version "4.2.1"
    resolved "https://registry.yarnpkg.com/ansi-styles/-/ansi-styles-4.2.1.tgz#90ae75c424d008d2624c5bf29ead3177ebfcf359"
    integrity sha512-9VGjrMsG1vePxcSweQsN20KY/c4zN0h9fLjqAbwbPfahM3t+NL+M9HC8xeXG2I8pX5NoamTGNuomEUFI7fcUjA==
    dependencies:
      "@types/color-name" "^1.1.1"
      color-convert "^2.0.1"
  
  archiver-utils@^2.1.0:
    version "2.1.0"
    resolved "https://registry.yarnpkg.com/archiver-utils/-/archiver-utils-2.1.0.tgz#e8a460e94b693c3e3da182a098ca6285ba9249e2"
    integrity sha512-bEL/yUb/fNNiNTuUz979Z0Yg5L+LzLxGJz8x79lYmR54fmTIb6ob/hNQgkQnIUDWIFjZVQwl9Xs356I6BAMHfw==
    dependencies:
      glob "^7.1.4"
      graceful-fs "^4.2.0"
      lazystream "^1.0.0"
      lodash.defaults "^4.2.0"
      lodash.difference "^4.5.0"
      lodash.flatten "^4.4.0"
      lodash.isplainobject "^4.0.6"
      lodash.union "^4.6.0"
      normalize-path "^3.0.0"
      readable-stream "^2.0.0"
  
  archiver@^3.1.1:
    version "3.1.1"
    resolved "https://registry.yarnpkg.com/archiver/-/archiver-3.1.1.tgz#9db7819d4daf60aec10fe86b16cb9258ced66ea0"
    integrity sha512-5Hxxcig7gw5Jod/8Gq0OneVgLYET+oNHcxgWItq4TbhOzRLKNAFUb9edAftiMKXvXfCB0vbGrJdZDNq0dWMsxg==
    dependencies:
      archiver-utils "^2.1.0"
      async "^2.6.3"
      buffer-crc32 "^0.2.1"
      glob "^7.1.4"
      readable-stream "^3.4.0"
      tar-stream "^2.1.0"
      zip-stream "^2.1.2"
  
  arg@^4.1.0:
    version "4.1.2"
    resolved "https://registry.yarnpkg.com/arg/-/arg-4.1.2.tgz#e70c90579e02c63d80e3ad4e31d8bfdb8bd50064"
    integrity sha512-+ytCkGcBtHZ3V2r2Z06AncYO8jz46UEamcspGoU8lHcEbpn6J77QK0vdWvChsclg/tM5XIJC5tnjmPp7Eq6Obg==
  
  asn1@~0.2.3:
    version "0.2.4"
    resolved "https://registry.yarnpkg.com/asn1/-/asn1-0.2.4.tgz#8d2475dfab553bb33e77b54e59e880bb8ce23136"
    integrity sha512-jxwzQpLQjSmWXgwaCZE9Nz+glAG01yF1QnWgbhGwHI5A6FRIEY6IVqtHhIepHqI7/kyEyQEagBC5mBEFlIYvdg==
    dependencies:
      safer-buffer "~2.1.0"
  
  assert-plus@1.0.0, assert-plus@^1.0.0:
    version "1.0.0"
    resolved "https://registry.yarnpkg.com/assert-plus/-/assert-plus-1.0.0.tgz#f12e0f3c5d77b0b1cdd9146942e4e96c1e4dd525"
    integrity sha1-8S4PPF13sLHN2RRpQuTpbB5N1SU=
  
  astral-regex@^1.0.0:
    version "1.0.0"
    resolved "https://registry.yarnpkg.com/astral-regex/-/astral-regex-1.0.0.tgz#6c8c3fb827dd43ee3918f27b82782ab7658a6fd9"
    integrity sha512-+Ryf6g3BKoRc7jfp7ad8tM4TtMiaWvbF/1/sQcZPkkS7ag3D5nMBCe2UfOTONtAkaG0tO0ij3C5Lwmf1EiyjHg==
  
  async@^2.6.3:
    version "2.6.3"
    resolved "https://registry.yarnpkg.com/async/-/async-2.6.3.tgz#d72625e2344a3656e3a3ad4fa749fa83299d82ff"
    integrity sha512-zflvls11DCy+dQWzTW2dzuilv8Z5X/pjfmZOWba6TNIVDm+2UDaJmXSOXlasHKfNBs8oo3M0aT50fDEWfKZjXg==
    dependencies:
      lodash "^4.17.14"
  
  asynckit@^0.4.0:
    version "0.4.0"
    resolved "https://registry.yarnpkg.com/asynckit/-/asynckit-0.4.0.tgz#c79ed97f7f34cb8f2ba1bc9790bcc366474b4b79"
    integrity sha1-x57Zf380y48robyXkLzDZkdLS3k=
  
  aws-cdk@1.20.0:
    version "1.20.0"
    resolved "https://registry.yarnpkg.com/aws-cdk/-/aws-cdk-1.20.0.tgz#de406120f03f27daaa9cd0660063c94149a43fbd"
    integrity sha512-yPLhflQSJghp5ZcZa9evhO2VpryO4W0vMRDs7jMlLYaxw69SDeKdVbP+nCTc5wTfSYmXttLTmZ6v3Y+66sjEow==
    dependencies:
      "@aws-cdk/cloudformation-diff" "1.20.0"
      "@aws-cdk/cx-api" "1.20.0"
      "@aws-cdk/region-info" "1.20.0"
      archiver "^3.1.1"
      aws-sdk "^2.596.0"
      camelcase "^5.3.1"
      colors "^1.4.0"
      decamelize "^3.2.0"
      fs-extra "^8.1.0"
      glob "^7.1.6"
      json-diff "^0.5.4"
      minimatch ">=3.0"
      promptly "^3.0.3"
      request "^2.88.0"
      semver "^7.1.1"
      source-map-support "^0.5.16"
      table "^5.4.6"
      uuid "^3.3.3"
      yaml "^1.7.2"
      yargs "^15.0.2"
  
  aws-sdk@^2.596.0:
    version "2.603.0"
    resolved "https://registry.yarnpkg.com/aws-sdk/-/aws-sdk-2.603.0.tgz#0920756d2666f4fcfa7233841ef35cd04da81348"
    integrity sha512-+VlskUDLZLQDDlaVa0Tb02aEFEWcKkTfTew1SGYwce9hUrKcR33IX4e9kM6MyI7UeLQAl0v8dagTniP67UrTQw==
    dependencies:
      buffer "4.9.1"
      events "1.1.1"
      ieee754 "1.1.13"
      jmespath "0.15.0"
      querystring "0.2.0"
      sax "1.2.1"
      url "0.10.3"
      uuid "3.3.2"
      xml2js "0.4.19"
  
  aws-sign2@~0.7.0:
    version "0.7.0"
    resolved "https://registry.yarnpkg.com/aws-sign2/-/aws-sign2-0.7.0.tgz#b46e890934a9591f2d2f6f86d7e6a9f1b3fe76a8"
    integrity sha1-tG6JCTSpWR8tL2+G1+ap8bP+dqg=
  
  aws4@^1.8.0:
    version "1.9.1"
    resolved "https://registry.yarnpkg.com/aws4/-/aws4-1.9.1.tgz#7e33d8f7d449b3f673cd72deb9abdc552dbe528e"
    integrity sha512-wMHVg2EOHaMRxbzgFJ9gtjOOCrI80OHLG14rxi28XwOW8ux6IiEbRCGGGqCtdAIg4FQCbW20k9RsT4y3gJlFug==
  
  balanced-match@^1.0.0:
    version "1.0.0"
    resolved "https://registry.yarnpkg.com/balanced-match/-/balanced-match-1.0.0.tgz#89b4d199ab2bee49de164ea02b89ce462d71b767"
    integrity sha1-ibTRmasr7kneFk6gK4nORi1xt2c=
  
  base64-js@^1.0.2:
    version "1.3.1"
    resolved "https://registry.yarnpkg.com/base64-js/-/base64-js-1.3.1.tgz#58ece8cb75dd07e71ed08c736abc5fac4dbf8df1"
    integrity sha512-mLQ4i2QO1ytvGWFWmcngKO//JXAQueZvwEKtjgQFM4jIK0kU+ytMfplL8j+n5mspOfjHwoAg+9yhb7BwAHm36g==
  
  bcrypt-pbkdf@^1.0.0:
    version "1.0.2"
    resolved "https://registry.yarnpkg.com/bcrypt-pbkdf/-/bcrypt-pbkdf-1.0.2.tgz#a4301d389b6a43f9b67ff3ca11a3f6637e360e9e"
    integrity sha1-pDAdOJtqQ/m2f/PKEaP2Y342Dp4=
    dependencies:
      tweetnacl "^0.14.3"
  
  bl@^3.0.0:
    version "3.0.0"
    resolved "https://registry.yarnpkg.com/bl/-/bl-3.0.0.tgz#3611ec00579fd18561754360b21e9f784500ff88"
    integrity sha512-EUAyP5UHU5hxF8BPT0LKW8gjYLhq1DQIcneOX/pL/m2Alo+OYDQAJlHq+yseMP50Os2nHXOSic6Ss3vSQeyf4A==
    dependencies:
      readable-stream "^3.0.1"
  
  brace-expansion@^1.1.7:
    version "1.1.11"
    resolved "https://registry.yarnpkg.com/brace-expansion/-/brace-expansion-1.1.11.tgz#3c7fcbf529d87226f3d2f52b966ff5271eb441dd"
    integrity sha512-iCuPHDFgrHX7H2vEI/5xpz07zSHB00TpugqhmYtVmMO6518mCuRMoOYFldEBl0g187ufozdaHgWKcYFb61qGiA==
    dependencies:
      balanced-match "^1.0.0"
      concat-map "0.0.1"
  
  buffer-crc32@^0.2.1, buffer-crc32@^0.2.13:
    version "0.2.13"
    resolved "https://registry.yarnpkg.com/buffer-crc32/-/buffer-crc32-0.2.13.tgz#0d333e3f00eac50aa1454abd30ef8c2a5d9a7242"
    integrity sha1-DTM+PwDqxQqhRUq9MO+MKl2ackI=
  
  buffer-from@^1.0.0:
    version "1.1.1"
    resolved "https://registry.yarnpkg.com/buffer-from/-/buffer-from-1.1.1.tgz#32713bc028f75c02fdb710d7c7bcec1f2c6070ef"
    integrity sha512-MQcXEUbCKtEo7bhqEs6560Hyd4XaovZlO/k9V3hjVUF/zwW7KBVdSK4gIt/bzwS9MbR5qob+F5jusZsb0YQK2A==
  
  buffer@4.9.1:
    version "4.9.1"
    resolved "https://registry.yarnpkg.com/buffer/-/buffer-4.9.1.tgz#6d1bb601b07a4efced97094132093027c95bc298"
    integrity sha1-bRu2AbB6TvztlwlBMgkwJ8lbwpg=
    dependencies:
      base64-js "^1.0.2"
      ieee754 "^1.1.4"
      isarray "^1.0.0"
  
  buffer@^5.1.0:
    version "5.4.3"
    resolved "https://registry.yarnpkg.com/buffer/-/buffer-5.4.3.tgz#3fbc9c69eb713d323e3fc1a895eee0710c072115"
    integrity sha512-zvj65TkFeIt3i6aj5bIvJDzjjQQGs4o/sNoezg1F1kYap9Nu2jcUdpwzRSJTHMMzG0H7bZkn4rNQpImhuxWX2A==
    dependencies:
      base64-js "^1.0.2"
      ieee754 "^1.1.4"
  
  camelcase@^5.0.0, camelcase@^5.3.1:
    version "5.3.1"
    resolved "https://registry.yarnpkg.com/camelcase/-/camelcase-5.3.1.tgz#e3c9b31569e106811df242f715725a1f4c494320"
    integrity sha512-L28STB170nwWS63UjtlEOE3dldQApaJXZkOI1uMFfzf3rRuPegHaHesyee+YxQ+W6SvRDQV6UrdOdRiR153wJg==
  
  caseless@~0.12.0:
    version "0.12.0"
    resolved "https://registry.yarnpkg.com/caseless/-/caseless-0.12.0.tgz#1b681c21ff84033c826543090689420d187151dc"
    integrity sha1-G2gcIf+EAzyCZUMJBolCDRhxUdw=
  
  cdk@^1.20.0:
    version "1.20.0"
    resolved "https://registry.yarnpkg.com/cdk/-/cdk-1.20.0.tgz#2a2d280aee587af01456012551eba92b6866a2e6"
    integrity sha512-cppqLese8p+g+2oHvWCFxYGFWTUwf768v6mliyw66jMsEZYbL0IRaxT/4gWhVqt+DaE+gxbOaSKf89PJHLGadg==
    dependencies:
      aws-cdk "1.20.0"
  
  charenc@~0.0.1:
    version "0.0.2"
    resolved "https://registry.yarnpkg.com/charenc/-/charenc-0.0.2.tgz#c0a1d2f3a7092e03774bfa83f14c0fc5790a8667"
    integrity sha1-wKHS86cJLgN3S/qD8UwPxXkKhmc=
  
  cli-color@~0.1.6:
    version "0.1.7"
    resolved "https://registry.yarnpkg.com/cli-color/-/cli-color-0.1.7.tgz#adc3200fa471cc211b0da7f566b71e98b9d67347"
    integrity sha1-rcMgD6RxzCEbDaf1ZrcemLnWc0c=
    dependencies:
      es5-ext "0.8.x"
  
  cliui@^6.0.0:
    version "6.0.0"
    resolved "https://registry.yarnpkg.com/cliui/-/cliui-6.0.0.tgz#511d702c0c4e41ca156d7d0e96021f23e13225b1"
    integrity sha512-t6wbgtoCXvAzst7QgXxJYqPt0usEfbgQdftEPbLL/cvv6HPE5VgvqCuAIDR0NgU52ds6rFwqrgakNLrHEjCbrQ==
    dependencies:
      string-width "^4.2.0"
      strip-ansi "^6.0.0"
      wrap-ansi "^6.2.0"
  
  color-convert@^1.9.0:
    version "1.9.3"
    resolved "https://registry.yarnpkg.com/color-convert/-/color-convert-1.9.3.tgz#bb71850690e1f136567de629d2d5471deda4c1e8"
    integrity sha512-QfAUtd+vFdAtFQcC8CCyYt1fYWxSqAiK2cSD6zDB8N3cpsEBAvRxp9zOGg6G/SHHJYAT88/az/IuDGALsNVbGg==
    dependencies:
      color-name "1.1.3"
  
  color-convert@^2.0.1:
    version "2.0.1"
    resolved "https://registry.yarnpkg.com/color-convert/-/color-convert-2.0.1.tgz#72d3a68d598c9bdb3af2ad1e84f21d896abd4de3"
    integrity sha512-RRECPsj7iu/xb5oKYcsFHSppFNnsj/52OVTRKb4zP5onXwVF3zVmmToNcOfGC+CRDpfK/U584fMg38ZHCaElKQ==
    dependencies:
      color-name "~1.1.4"
  
  color-name@1.1.3:
    version "1.1.3"
    resolved "https://registry.yarnpkg.com/color-name/-/color-name-1.1.3.tgz#a7d0558bd89c42f795dd42328f740831ca53bc25"
    integrity sha1-p9BVi9icQveV3UIyj3QIMcpTvCU=
  
  color-name@~1.1.4:
    version "1.1.4"
    resolved "https://registry.yarnpkg.com/color-name/-/color-name-1.1.4.tgz#c2a09a87acbde69543de6f63fa3995c826c536a2"
    integrity sha512-dOy+3AuW3a2wNbZHIuMZpTcgjGuLU/uBL/ubcZF9OXbDo8ff4O8yVp5Bf0efS8uEoYo5q4Fx7dY9OgQGXgAsQA==
  
  colors@^1.4.0:
    version "1.4.0"
    resolved "https://registry.yarnpkg.com/colors/-/colors-1.4.0.tgz#c50491479d4c1bdaed2c9ced32cf7c7dc2360f78"
    integrity sha512-a+UqTh4kgZg/SlGvfbzDHpgRu7AAQOmmqRHJnxhRZICKFUT91brVhNNt58CMWU9PsBbv3PDCZUHbVxuDiH2mtA==
  
  combined-stream@^1.0.6, combined-stream@~1.0.6:
    version "1.0.8"
    resolved "https://registry.yarnpkg.com/combined-stream/-/combined-stream-1.0.8.tgz#c3d45a8b34fd730631a110a8a2520682b31d5a7f"
    integrity sha512-FQN4MRfuJeHf7cBbBMJFXhKSDq+2kAArBlmRBvcvFE5BB1HZKXtSFASDhdlz9zOYwxh8lDdnvmMOe/+5cdoEdg==
    dependencies:
      delayed-stream "~1.0.0"
  
  compress-commons@^2.1.1:
    version "2.1.1"
    resolved "https://registry.yarnpkg.com/compress-commons/-/compress-commons-2.1.1.tgz#9410d9a534cf8435e3fbbb7c6ce48de2dc2f0610"
    integrity sha512-eVw6n7CnEMFzc3duyFVrQEuY1BlHR3rYsSztyG32ibGMW722i3C6IizEGMFmfMU+A+fALvBIwxN3czffTcdA+Q==
    dependencies:
      buffer-crc32 "^0.2.13"
      crc32-stream "^3.0.1"
      normalize-path "^3.0.0"
      readable-stream "^2.3.6"
  
  concat-map@0.0.1:
    version "0.0.1"
    resolved "https://registry.yarnpkg.com/concat-map/-/concat-map-0.0.1.tgz#d8a96bd77fd68df7793a73036a3ba0d5405d477b"
    integrity sha1-2Klr13/Wjfd5OnMDajug1UBdR3s=
  
  core-js@^2.6.5:
    version "2.6.11"
    resolved "https://registry.yarnpkg.com/core-js/-/core-js-2.6.11.tgz#38831469f9922bded8ee21c9dc46985e0399308c"
    integrity sha512-5wjnpaT/3dV+XB4borEsnAYQchn00XSgTAWKDkEqv+K8KevjbzmofK6hfJ9TZIlpj2N0xQpazy7PiRQiWHqzWg==
  
  core-util-is@1.0.2, core-util-is@~1.0.0:
    version "1.0.2"
    resolved "https://registry.yarnpkg.com/core-util-is/-/core-util-is-1.0.2.tgz#b5fd54220aa2bc5ab57aab7140c940754503c1a7"
    integrity sha1-tf1UIgqivFq1eqtxQMlAdUUDwac=
  
  crc32-stream@^3.0.1:
    version "3.0.1"
    resolved "https://registry.yarnpkg.com/crc32-stream/-/crc32-stream-3.0.1.tgz#cae6eeed003b0e44d739d279de5ae63b171b4e85"
    integrity sha512-mctvpXlbzsvK+6z8kJwSJ5crm7yBwrQMTybJzMw1O4lLGJqjlDCXY2Zw7KheiA6XBEcBmfLx1D88mjRGVJtY9w==
    dependencies:
      crc "^3.4.4"
      readable-stream "^3.4.0"
  
  crc@^3.4.4:
    version "3.8.0"
    resolved "https://registry.yarnpkg.com/crc/-/crc-3.8.0.tgz#ad60269c2c856f8c299e2c4cc0de4556914056c6"
    integrity sha512-iX3mfgcTMIq3ZKLIsVFAbv7+Mc10kxabAGQb8HvjA1o3T1PIYprbakQ65d3I+2HGHt6nSKkM9PYjgoJO2KcFBQ==
    dependencies:
      buffer "^5.1.0"
  
  crypt@~0.0.1:
    version "0.0.2"
    resolved "https://registry.yarnpkg.com/crypt/-/crypt-0.0.2.tgz#88d7ff7ec0dfb86f713dc87bbb42d044d3e6c41b"
    integrity sha1-iNf/fsDfuG9xPch7u0LQRNPmxBs=
  
  dashdash@^1.12.0:
    version "1.14.1"
    resolved "https://registry.yarnpkg.com/dashdash/-/dashdash-1.14.1.tgz#853cfa0f7cbe2fed5de20326b8dd581035f6e2f0"
    integrity sha1-hTz6D3y+L+1d4gMmuN1YEDX24vA=
    dependencies:
      assert-plus "^1.0.0"
  
  decamelize@^1.2.0:
    version "1.2.0"
    resolved "https://registry.yarnpkg.com/decamelize/-/decamelize-1.2.0.tgz#f6534d15148269b20352e7bee26f501f9a191290"
    integrity sha1-9lNNFRSCabIDUue+4m9QH5oZEpA=
  
  decamelize@^3.2.0:
    version "3.2.0"
    resolved "https://registry.yarnpkg.com/decamelize/-/decamelize-3.2.0.tgz#84b8e8f4f8c579f938e35e2cc7024907e0090851"
    integrity sha512-4TgkVUsmmu7oCSyGBm5FvfMoACuoh9EOidm7V5/J2X2djAwwt57qb3F2KMP2ITqODTCSwb+YRV+0Zqrv18k/hw==
    dependencies:
      xregexp "^4.2.4"
  
  delayed-stream@~1.0.0:
    version "1.0.0"
    resolved "https://registry.yarnpkg.com/delayed-stream/-/delayed-stream-1.0.0.tgz#df3ae199acadfb7d440aaae0b29e2272b24ec619"
    integrity sha1-3zrhmayt+31ECqrgsp4icrJOxhk=
  
  diff@^4.0.1:
    version "4.0.2"
    resolved "https://registry.yarnpkg.com/diff/-/diff-4.0.2.tgz#60f3aecb89d5fae520c11aa19efc2bb982aade7d"
    integrity sha512-58lmxKSA4BNyLz+HHMUzlOEpg09FV+ev6ZMe3vJihgdxzgcwZ8VoEEPmALCZG9LmqfVoNMMKpttIYTVG6uDY7A==
  
  difflib@~0.2.1:
    version "0.2.4"
    resolved "https://registry.yarnpkg.com/difflib/-/difflib-0.2.4.tgz#b5e30361a6db023176d562892db85940a718f47e"
    integrity sha1-teMDYabbAjF21WKJLbhZQKcY9H4=
    dependencies:
      heap ">= 0.2.0"
  
  dreamopt@~0.6.0:
    version "0.6.0"
    resolved "https://registry.yarnpkg.com/dreamopt/-/dreamopt-0.6.0.tgz#d813ccdac8d39d8ad526775514a13dda664d6b4b"
    integrity sha1-2BPM2sjTnYrVJndVFKE92mZNa0s=
    dependencies:
      wordwrap ">=0.0.2"
  
  ecc-jsbn@~0.1.1:
    version "0.1.2"
    resolved "https://registry.yarnpkg.com/ecc-jsbn/-/ecc-jsbn-0.1.2.tgz#3a83a904e54353287874c564b7549386849a98c9"
    integrity sha1-OoOpBOVDUyh4dMVkt1SThoSamMk=
    dependencies:
      jsbn "~0.1.0"
      safer-buffer "^2.1.0"
  
  emoji-regex@^7.0.1:
    version "7.0.3"
    resolved "https://registry.yarnpkg.com/emoji-regex/-/emoji-regex-7.0.3.tgz#933a04052860c85e83c122479c4748a8e4c72156"
    integrity sha512-CwBLREIQ7LvYFB0WyRvwhq5N5qPhc6PMjD6bYggFlI5YyDgl+0vxq5VHbMOFqLg7hfWzmu8T5Z1QofhmTIhItA==
  
  emoji-regex@^8.0.0:
    version "8.0.0"
    resolved "https://registry.yarnpkg.com/emoji-regex/-/emoji-regex-8.0.0.tgz#e818fd69ce5ccfcb404594f842963bf53164cc37"
    integrity sha512-MSjYzcWNOA0ewAHpz0MxpYFvwg6yjy1NG3xteoqz644VCo/RPgnr1/GGt+ic3iJTzQ8Eu3TdM14SawnVUmGE6A==
  
  end-of-stream@^1.4.1:
    version "1.4.4"
    resolved "https://registry.yarnpkg.com/end-of-stream/-/end-of-stream-1.4.4.tgz#5ae64a5f45057baf3626ec14da0ca5e4b2431eb0"
    integrity sha512-+uw1inIHVPQoaVuHzRyXd21icM+cnt4CzD5rW+NC1wjOUSTOs+Te7FOv7AhN7vS9x/oIyhLP5PR1H+phQAHu5Q==
    dependencies:
      once "^1.4.0"
  
  es5-ext@0.8.x:
    version "0.8.2"
    resolved "https://registry.yarnpkg.com/es5-ext/-/es5-ext-0.8.2.tgz#aba8d9e1943a895ac96837a62a39b3f55ecd94ab"
    integrity sha1-q6jZ4ZQ6iVrJaDemKjmz9V7NlKs=
  
  events@1.1.1:
    version "1.1.1"
    resolved "https://registry.yarnpkg.com/events/-/events-1.1.1.tgz#9ebdb7635ad099c70dcc4c2a1f5004288e8bd924"
    integrity sha1-nr23Y1rQmccNzEwqH1AEKI6L2SQ=
  
  extend@~3.0.2:
    version "3.0.2"
    resolved "https://registry.yarnpkg.com/extend/-/extend-3.0.2.tgz#f8b1136b4071fbd8eb140aff858b1019ec2915fa"
    integrity sha512-fjquC59cD7CyW6urNXK0FBufkZcoiGG80wTuPujX590cB5Ttln20E2UB4S/WARVqhXffZl2LNgS+gQdPIIim/g==
  
  extsprintf@1.3.0:
    version "1.3.0"
    resolved "https://registry.yarnpkg.com/extsprintf/-/extsprintf-1.3.0.tgz#96918440e3041a7a414f8c52e3c574eb3c3e1e05"
    integrity sha1-lpGEQOMEGnpBT4xS48V06zw+HgU=
  
  extsprintf@^1.2.0:
    version "1.4.0"
    resolved "https://registry.yarnpkg.com/extsprintf/-/extsprintf-1.4.0.tgz#e2689f8f356fad62cca65a3a91c5df5f9551692f"
    integrity sha1-4mifjzVvrWLMplo6kcXfX5VRaS8=
  
  fast-deep-equal@^2.0.1:
    version "2.0.1"
    resolved "https://registry.yarnpkg.com/fast-deep-equal/-/fast-deep-equal-2.0.1.tgz#7b05218ddf9667bf7f370bf7fdb2cb15fdd0aa49"
    integrity sha1-ewUhjd+WZ79/Nwv3/bLLFf3Qqkk=
  
  fast-deep-equal@^3.1.1:
    version "3.1.1"
    resolved "https://registry.yarnpkg.com/fast-deep-equal/-/fast-deep-equal-3.1.1.tgz#545145077c501491e33b15ec408c294376e94ae4"
    integrity sha512-8UEa58QDLauDNfpbrX55Q9jrGHThw2ZMdOky5Gl1CDtVeJDPVrG4Jxx1N8jw2gkWaff5UUuX1KJd+9zGe2B+ZA==
  
  fast-json-stable-stringify@^2.0.0:
    version "2.1.0"
    resolved "https://registry.yarnpkg.com/fast-json-stable-stringify/-/fast-json-stable-stringify-2.1.0.tgz#874bf69c6f404c2b5d99c481341399fd55892633"
    integrity sha512-lhd/wF+Lk98HZoTCtlVraHtfh5XYijIjalXck7saUtuanSDyLMxnHhSXEDJqHxD7msR8D0uCmqlkwjCV8xvwHw==
  
  find-up@^4.1.0:
    version "4.1.0"
    resolved "https://registry.yarnpkg.com/find-up/-/find-up-4.1.0.tgz#97afe7d6cdc0bc5928584b7c8d7b16e8a9aa5d19"
    integrity sha512-PpOwAdQ/YlXQ2vj8a3h8IipDuYRi3wceVQQGYWxNINccq40Anw7BlsEXCMbt1Zt+OLA6Fq9suIpIWD0OsnISlw==
    dependencies:
      locate-path "^5.0.0"
      path-exists "^4.0.0"
  
  forever-agent@~0.6.1:
    version "0.6.1"
    resolved "https://registry.yarnpkg.com/forever-agent/-/forever-agent-0.6.1.tgz#fbc71f0c41adeb37f96c577ad1ed42d8fdacca91"
    integrity sha1-+8cfDEGt6zf5bFd60e1C2P2sypE=
  
  form-data@~2.3.2:
    version "2.3.3"
    resolved "https://registry.yarnpkg.com/form-data/-/form-data-2.3.3.tgz#dcce52c05f644f298c6a7ab936bd724ceffbf3a6"
    integrity sha512-1lLKB2Mu3aGP1Q/2eCOx0fNbRMe7XdwktwOruhfqqd0rIJWwN4Dh+E3hrPSlDCXnSR7UtZ1N38rVXm+6+MEhJQ==
    dependencies:
      asynckit "^0.4.0"
      combined-stream "^1.0.6"
      mime-types "^2.1.12"
  
  fs-constants@^1.0.0:
    version "1.0.0"
    resolved "https://registry.yarnpkg.com/fs-constants/-/fs-constants-1.0.0.tgz#6be0de9be998ce16af8afc24497b9ee9b7ccd9ad"
    integrity sha512-y6OAwoSIf7FyjMIv94u+b5rdheZEjzR63GTyZJm5qh4Bi+2YgwLCcI/fPFZkL5PSixOt6ZNKm+w+Hfp/Bciwow==
  
  fs-extra@^8.1.0:
    version "8.1.0"
    resolved "https://registry.yarnpkg.com/fs-extra/-/fs-extra-8.1.0.tgz#49d43c45a88cd9677668cb7be1b46efdb8d2e1c0"
    integrity sha512-yhlQgA6mnOJUKOsRUFsgJdQCvkKhcz8tlZG5HBQfReYZy46OwLcY+Zia0mtdHsOo9y/hP+CxMN0TU9QxoOtG4g==
    dependencies:
      graceful-fs "^4.2.0"
      jsonfile "^4.0.0"
      universalify "^0.1.0"
  
  fs.realpath@^1.0.0:
    version "1.0.0"
    resolved "https://registry.yarnpkg.com/fs.realpath/-/fs.realpath-1.0.0.tgz#1504ad2523158caa40db4a2787cb01411994ea4f"
    integrity sha1-FQStJSMVjKpA20onh8sBQRmU6k8=
  
  get-caller-file@^2.0.1:
    version "2.0.5"
    resolved "https://registry.yarnpkg.com/get-caller-file/-/get-caller-file-2.0.5.tgz#4f94412a82db32f36e3b0b9741f8a97feb031f7e"
    integrity sha512-DyFP3BM/3YHTQOCUL/w0OZHR0lpKeGrxotcHWcqNEdnltqFwXVfhEBQ94eIo34AfQpo0rGki4cyIiftY06h2Fg==
  
  getpass@^0.1.1:
    version "0.1.7"
    resolved "https://registry.yarnpkg.com/getpass/-/getpass-0.1.7.tgz#5eff8e3e684d569ae4cb2b1282604e8ba62149fa"
    integrity sha1-Xv+OPmhNVprkyysSgmBOi6YhSfo=
    dependencies:
      assert-plus "^1.0.0"
  
  glob@^7.1.4, glob@^7.1.6:
    version "7.1.6"
    resolved "https://registry.yarnpkg.com/glob/-/glob-7.1.6.tgz#141f33b81a7c2492e125594307480c46679278a6"
    integrity sha512-LwaxwyZ72Lk7vZINtNNrywX0ZuLyStrdDtabefZKAY5ZGJhVtgdznluResxNmPitE0SAO+O26sWTHeKSI2wMBA==
    dependencies:
      fs.realpath "^1.0.0"
      inflight "^1.0.4"
      inherits "2"
      minimatch "^3.0.4"
      once "^1.3.0"
      path-is-absolute "^1.0.0"
  
  graceful-fs@^4.1.6, graceful-fs@^4.2.0:
    version "4.2.3"
    resolved "https://registry.yarnpkg.com/graceful-fs/-/graceful-fs-4.2.3.tgz#4a12ff1b60376ef09862c2093edd908328be8423"
    integrity sha512-a30VEBm4PEdx1dRB7MFK7BejejvCvBronbLjht+sHuGYj8PHs7M/5Z+rt5lw551vZ7yfTCj4Vuyy3mSJytDWRQ==
  
  har-schema@^2.0.0:
    version "2.0.0"
    resolved "https://registry.yarnpkg.com/har-schema/-/har-schema-2.0.0.tgz#a94c2224ebcac04782a0d9035521f24735b7ec92"
    integrity sha1-qUwiJOvKwEeCoNkDVSHyRzW37JI=
  
  har-validator@~5.1.0:
    version "5.1.3"
    resolved "https://registry.yarnpkg.com/har-validator/-/har-validator-5.1.3.tgz#1ef89ebd3e4996557675eed9893110dc350fa080"
    integrity sha512-sNvOCzEQNr/qrvJgc3UG/kD4QtlHycrzwS+6mfTrrSq97BvaYcPZZI1ZSqGSPR73Cxn4LKTD4PttRwfU7jWq5g==
    dependencies:
      ajv "^6.5.5"
      har-schema "^2.0.0"
  
  "heap@>= 0.2.0":
    version "0.2.6"
    resolved "https://registry.yarnpkg.com/heap/-/heap-0.2.6.tgz#087e1f10b046932fc8594dd9e6d378afc9d1e5ac"
    integrity sha1-CH4fELBGky/IWU3Z5tN4r8nR5aw=
  
  http-signature@~1.2.0:
    version "1.2.0"
    resolved "https://registry.yarnpkg.com/http-signature/-/http-signature-1.2.0.tgz#9aecd925114772f3d95b65a60abb8f7c18fbace1"
    integrity sha1-muzZJRFHcvPZW2WmCruPfBj7rOE=
    dependencies:
      assert-plus "^1.0.0"
      jsprim "^1.2.2"
      sshpk "^1.7.0"
  
  ieee754@1.1.13, ieee754@^1.1.4:
    version "1.1.13"
    resolved "https://registry.yarnpkg.com/ieee754/-/ieee754-1.1.13.tgz#ec168558e95aa181fd87d37f55c32bbcb6708b84"
    integrity sha512-4vf7I2LYV/HaWerSo3XmlMkp5eZ83i+/CDluXi/IGTs/O1sejBNhTtnxzmRZfvOUqj7lZjqHkeTvpgSFDlWZTg==
  
  inflight@^1.0.4:
    version "1.0.6"
    resolved "https://registry.yarnpkg.com/inflight/-/inflight-1.0.6.tgz#49bd6331d7d02d0c09bc910a1075ba8165b56df9"
    integrity sha1-Sb1jMdfQLQwJvJEKEHW6gWW1bfk=
    dependencies:
      once "^1.3.0"
      wrappy "1"
  
  inherits@2, inherits@^2.0.3, inherits@~2.0.3:
    version "2.0.4"
    resolved "https://registry.yarnpkg.com/inherits/-/inherits-2.0.4.tgz#0fa2c64f932917c3433a0ded55363aae37416b7c"
    integrity sha512-k/vGaX4/Yla3WzyMCvTQOXYeIHvqOKtnqBduzTHpzpQZzAskKMhZ2K+EnBiSM9zGSoIFeMpXKxa4dYeZIQqewQ==
  
  is-buffer@~1.1.1:
    version "1.1.6"
    resolved "https://registry.yarnpkg.com/is-buffer/-/is-buffer-1.1.6.tgz#efaa2ea9daa0d7ab2ea13a97b2b8ad51fefbe8be"
    integrity sha512-NcdALwpXkTm5Zvvbk7owOUSvVvBKDgKP5/ewfXEznmQFfs4ZRmanOeKBTjRVjka3QFoN6XJ+9F3USqfHqTaU5w==
  
  is-fullwidth-code-point@^2.0.0:
    version "2.0.0"
    resolved "https://registry.yarnpkg.com/is-fullwidth-code-point/-/is-fullwidth-code-point-2.0.0.tgz#a3b30a5c4f199183167aaab93beefae3ddfb654f"
    integrity sha1-o7MKXE8ZkYMWeqq5O+764937ZU8=
  
  is-fullwidth-code-point@^3.0.0:
    version "3.0.0"
    resolved "https://registry.yarnpkg.com/is-fullwidth-code-point/-/is-fullwidth-code-point-3.0.0.tgz#f116f8064fe90b3f7844a38997c0b75051269f1d"
    integrity sha512-zymm5+u+sCsSWyD9qNaejV3DFvhCKclKdizYaJUuHA83RLjb7nSuGnddCHGv0hk+KY7BMAlsWeK4Ueg6EV6XQg==
  
  is-typedarray@~1.0.0:
    version "1.0.0"
    resolved "https://registry.yarnpkg.com/is-typedarray/-/is-typedarray-1.0.0.tgz#e479c80858df0c1b11ddda6940f96011fcda4a9a"
    integrity sha1-5HnICFjfDBsR3dppQPlgEfzaSpo=
  
  isarray@^1.0.0, isarray@~1.0.0:
    version "1.0.0"
    resolved "https://registry.yarnpkg.com/isarray/-/isarray-1.0.0.tgz#bb935d48582cba168c06834957a54a3e07124f11"
    integrity sha1-u5NdSFgsuhaMBoNJV6VKPgcSTxE=
  
  isstream@~0.1.2:
    version "0.1.2"
    resolved "https://registry.yarnpkg.com/isstream/-/isstream-0.1.2.tgz#47e63f7af55afa6f92e1500e690eb8b8529c099a"
    integrity sha1-R+Y/evVa+m+S4VAOaQ64uFKcCZo=
  
  jmespath@0.15.0:
    version "0.15.0"
    resolved "https://registry.yarnpkg.com/jmespath/-/jmespath-0.15.0.tgz#a3f222a9aae9f966f5d27c796510e28091764217"
    integrity sha1-o/Iiqarp+Wb10nx5ZRDigJF2Qhc=
  
  jsbn@~0.1.0:
    version "0.1.1"
    resolved "https://registry.yarnpkg.com/jsbn/-/jsbn-0.1.1.tgz#a5e654c2e5a2deb5f201d96cefbca80c0ef2f513"
    integrity sha1-peZUwuWi3rXyAdls77yoDA7y9RM=
  
  json-diff@^0.5.4:
    version "0.5.4"
    resolved "https://registry.yarnpkg.com/json-diff/-/json-diff-0.5.4.tgz#7bc8198c441756632aab66c7d9189d365a7a035a"
    integrity sha512-q5Xmx9QXNOzOzIlMoYtLrLiu4Jl/Ce2bn0CNcv54PhyH89CI4GWlGVDye8ei2Ijt9R3U+vsWPsXpLUNob8bs8Q==
    dependencies:
      cli-color "~0.1.6"
      difflib "~0.2.1"
      dreamopt "~0.6.0"
  
  json-schema-traverse@^0.4.1:
    version "0.4.1"
    resolved "https://registry.yarnpkg.com/json-schema-traverse/-/json-schema-traverse-0.4.1.tgz#69f6a87d9513ab8bb8fe63bdb0979c448e684660"
    integrity sha512-xbbCH5dCYU5T8LcEhhuh7HJ88HXuW3qsI3Y0zOZFKfZEHcpWiHU/Jxzk629Brsab/mMiHQti9wMP+845RPe3Vg==
  
  json-schema@0.2.3:
    version "0.2.3"
    resolved "https://registry.yarnpkg.com/json-schema/-/json-schema-0.2.3.tgz#b480c892e59a2f05954ce727bd3f2a4e882f9e13"
    integrity sha1-tIDIkuWaLwWVTOcnvT8qTogvnhM=
  
  json-stringify-safe@~5.0.1:
    version "5.0.1"
    resolved "https://registry.yarnpkg.com/json-stringify-safe/-/json-stringify-safe-5.0.1.tgz#1296a2d58fd45f19a0f6ce01d65701e2c735b6eb"
    integrity sha1-Epai1Y/UXxmg9s4B1lcB4sc1tus=
  
  jsonfile@^4.0.0:
    version "4.0.0"
    resolved "https://registry.yarnpkg.com/jsonfile/-/jsonfile-4.0.0.tgz#8771aae0799b64076b76640fca058f9c10e33ecb"
    integrity sha1-h3Gq4HmbZAdrdmQPygWPnBDjPss=
    optionalDependencies:
      graceful-fs "^4.1.6"
  
  jsprim@^1.2.2:
    version "1.4.1"
    resolved "https://registry.yarnpkg.com/jsprim/-/jsprim-1.4.1.tgz#313e66bc1e5cc06e438bc1b7499c2e5c56acb6a2"
    integrity sha1-MT5mvB5cwG5Di8G3SZwuXFastqI=
    dependencies:
      assert-plus "1.0.0"
      extsprintf "1.3.0"
      json-schema "0.2.3"
      verror "1.10.0"
  
  lazystream@^1.0.0:
    version "1.0.0"
    resolved "https://registry.yarnpkg.com/lazystream/-/lazystream-1.0.0.tgz#f6995fe0f820392f61396be89462407bb77168e4"
    integrity sha1-9plf4PggOS9hOWvolGJAe7dxaOQ=
    dependencies:
      readable-stream "^2.0.5"
  
  locate-path@^5.0.0:
    version "5.0.0"
    resolved "https://registry.yarnpkg.com/locate-path/-/locate-path-5.0.0.tgz#1afba396afd676a6d42504d0a67a3a7eb9f62aa0"
    integrity sha512-t7hw9pI+WvuwNJXwk5zVHpyhIqzg2qTlklJOf0mVxGSbe3Fp2VieZcduNYjaLDoy6p9uGpQEGWG87WpMKlNq8g==
    dependencies:
      p-locate "^4.1.0"
  
  lodash.defaults@^4.2.0:
    version "4.2.0"
    resolved "https://registry.yarnpkg.com/lodash.defaults/-/lodash.defaults-4.2.0.tgz#d09178716ffea4dde9e5fb7b37f6f0802274580c"
    integrity sha1-0JF4cW/+pN3p5ft7N/bwgCJ0WAw=
  
  lodash.difference@^4.5.0:
    version "4.5.0"
    resolved "https://registry.yarnpkg.com/lodash.difference/-/lodash.difference-4.5.0.tgz#9ccb4e505d486b91651345772885a2df27fd017c"
    integrity sha1-nMtOUF1Ia5FlE0V3KIWi3yf9AXw=
  
  lodash.flatten@^4.4.0:
    version "4.4.0"
    resolved "https://registry.yarnpkg.com/lodash.flatten/-/lodash.flatten-4.4.0.tgz#f31c22225a9632d2bbf8e4addbef240aa765a61f"
    integrity sha1-8xwiIlqWMtK7+OSt2+8kCqdlph8=
  
  lodash.isplainobject@^4.0.6:
    version "4.0.6"
    resolved "https://registry.yarnpkg.com/lodash.isplainobject/-/lodash.isplainobject-4.0.6.tgz#7c526a52d89b45c45cc690b88163be0497f550cb"
    integrity sha1-fFJqUtibRcRcxpC4gWO+BJf1UMs=
  
  lodash.union@^4.6.0:
    version "4.6.0"
    resolved "https://registry.yarnpkg.com/lodash.union/-/lodash.union-4.6.0.tgz#48bb5088409f16f1821666641c44dd1aaae3cd88"
    integrity sha1-SLtQiECfFvGCFmZkHETdGqrjzYg=
  
  lodash@^4.17.14:
    version "4.17.15"
    resolved "https://registry.yarnpkg.com/lodash/-/lodash-4.17.15.tgz#b447f6670a0455bbfeedd11392eff330ea097548"
    integrity sha512-8xOcRHvCjnocdS5cpwXQXVzmmh5e5+saE2QGoeQmbKmRS6J3VQppPOIt0MnmE+4xlZoumy0GPG0D0MVIQbNA1A==
  
  make-error@^1.1.1:
    version "1.3.5"
    resolved "https://registry.yarnpkg.com/make-error/-/make-error-1.3.5.tgz#efe4e81f6db28cadd605c70f29c831b58ef776c8"
    integrity sha512-c3sIjNUow0+8swNwVpqoH4YCShKNFkMaw6oH1mNS2haDZQqkeZFlHS3dhoeEbKKmJB4vXpJucU6oH75aDYeE9g==
  
  md5@^2.2.1:
    version "2.2.1"
    resolved "https://registry.yarnpkg.com/md5/-/md5-2.2.1.tgz#53ab38d5fe3c8891ba465329ea23fac0540126f9"
    integrity sha1-U6s41f48iJG6RlMp6iP6wFQBJvk=
    dependencies:
      charenc "~0.0.1"
      crypt "~0.0.1"
      is-buffer "~1.1.1"
  
  mime-db@1.43.0:
    version "1.43.0"
    resolved "https://registry.yarnpkg.com/mime-db/-/mime-db-1.43.0.tgz#0a12e0502650e473d735535050e7c8f4eb4fae58"
    integrity sha512-+5dsGEEovYbT8UY9yD7eE4XTc4UwJ1jBYlgaQQF38ENsKR3wj/8q8RFZrF9WIZpB2V1ArTVFUva8sAul1NzRzQ==
  
  mime-types@^2.1.12, mime-types@~2.1.19:
    version "2.1.26"
    resolved "https://registry.yarnpkg.com/mime-types/-/mime-types-2.1.26.tgz#9c921fc09b7e149a65dfdc0da4d20997200b0a06"
    integrity sha512-01paPWYgLrkqAyrlDorC1uDwl2p3qZT7yl806vW7DvDoxwXi46jsjFbg+WdwotBIk6/MbEhO/dh5aZ5sNj/dWQ==
    dependencies:
      mime-db "1.43.0"
  
  minimatch@>=3.0, minimatch@^3.0.4:
    version "3.0.4"
    resolved "https://registry.yarnpkg.com/minimatch/-/minimatch-3.0.4.tgz#5166e286457f03306064be5497e8dbb0c3d32083"
    integrity sha512-yJHVQEhyqPLUTgt9B83PXu6W3rx4MvvHvSUvToogpwoGDOUQ+yDrR0HRot+yOCdCO7u4hX3pWft6kWBBcqh0UA==
    dependencies:
      brace-expansion "^1.1.7"
  
  mute-stream@~0.0.4:
    version "0.0.8"
    resolved "https://registry.yarnpkg.com/mute-stream/-/mute-stream-0.0.8.tgz#1630c42b2251ff81e2a283de96a5497ea92e5e0d"
    integrity sha512-nnbWWOkoWyUsTjKrhgD0dcz22mdkSnpYqbEjIm2nhwhuxlSkpywJmBo8h0ZqJdkp73mb90SssHkN4rsRaBAfAA==
  
  normalize-path@^3.0.0:
    version "3.0.0"
    resolved "https://registry.yarnpkg.com/normalize-path/-/normalize-path-3.0.0.tgz#0dcd69ff23a1c9b11fd0978316644a0388216a65"
    integrity sha512-6eZs5Ls3WtCisHWp9S2GUy8dqkpGi4BVSz3GaqiE6ezub0512ESztXUwUB6C6IKbQkY2Pnb/mD4WYojCRwcwLA==
  
  oauth-sign@~0.9.0:
    version "0.9.0"
    resolved "https://registry.yarnpkg.com/oauth-sign/-/oauth-sign-0.9.0.tgz#47a7b016baa68b5fa0ecf3dee08a85c679ac6455"
    integrity sha512-fexhUFFPTGV8ybAtSIGbV6gOkSv8UtRbDBnAyLQw4QPKkgNlsH2ByPGtMUqdWkos6YCRmAqViwgZrJc/mRDzZQ==
  
  once@^1.3.0, once@^1.4.0:
    version "1.4.0"
    resolved "https://registry.yarnpkg.com/once/-/once-1.4.0.tgz#583b1aa775961d4b113ac17d9c50baef9dd76bd1"
    integrity sha1-WDsap3WWHUsROsF9nFC6753Xa9E=
    dependencies:
      wrappy "1"
  
  p-limit@^2.2.0:
    version "2.2.2"
    resolved "https://registry.yarnpkg.com/p-limit/-/p-limit-2.2.2.tgz#61279b67721f5287aa1c13a9a7fbbc48c9291b1e"
    integrity sha512-WGR+xHecKTr7EbUEhyLSh5Dube9JtdiG78ufaeLxTgpudf/20KqyMioIUZJAezlTIi6evxuoUs9YXc11cU+yzQ==
    dependencies:
      p-try "^2.0.0"
  
  p-locate@^4.1.0:
    version "4.1.0"
    resolved "https://registry.yarnpkg.com/p-locate/-/p-locate-4.1.0.tgz#a3428bb7088b3a60292f66919278b7c297ad4f07"
    integrity sha512-R79ZZ/0wAxKGu3oYMlz8jy/kbhsNrS7SKZ7PxEHBgJ5+F2mtFW2fK2cOtBh1cHYkQsbzFV7I+EoRKe6Yt0oK7A==
    dependencies:
      p-limit "^2.2.0"
  
  p-try@^2.0.0:
    version "2.2.0"
    resolved "https://registry.yarnpkg.com/p-try/-/p-try-2.2.0.tgz#cb2868540e313d61de58fafbe35ce9004d5540e6"
    integrity sha512-R4nPAVTAU0B9D35/Gk3uJf/7XYbQcyohSKdvAxIRSNghFl4e71hVoGnBNQz9cWaXxO2I10KTC+3jMdvvoKw6dQ==
  
  path-exists@^4.0.0:
    version "4.0.0"
    resolved "https://registry.yarnpkg.com/path-exists/-/path-exists-4.0.0.tgz#513bdbe2d3b95d7762e8c1137efa195c6c61b5b3"
    integrity sha512-ak9Qy5Q7jYb2Wwcey5Fpvg2KoAc/ZIhLSLOSBmRmygPsGwkVVt0fZa0qrtMz+m6tJTAHfZQ8FnmB4MG4LWy7/w==
  
  path-is-absolute@^1.0.0:
    version "1.0.1"
    resolved "https://registry.yarnpkg.com/path-is-absolute/-/path-is-absolute-1.0.1.tgz#174b9268735534ffbc7ace6bf53a5a9e1b5c5f5f"
    integrity sha1-F0uSaHNVNP+8es5r9TpanhtcX18=
  
  performance-now@^2.1.0:
    version "2.1.0"
    resolved "https://registry.yarnpkg.com/performance-now/-/performance-now-2.1.0.tgz#6309f4e0e5fa913ec1c69307ae364b4b377c9e7b"
    integrity sha1-Ywn04OX6kT7BxpMHrjZLSzd8nns=
  
  pify@^3.0.0:
    version "3.0.0"
    resolved "https://registry.yarnpkg.com/pify/-/pify-3.0.0.tgz#e5a4acd2c101fdf3d9a4d07f0dbc4db49dd28176"
    integrity sha1-5aSs0sEB/fPZpNB/DbxNtJ3SgXY=
  
  process-nextick-args@~2.0.0:
    version "2.0.1"
    resolved "https://registry.yarnpkg.com/process-nextick-args/-/process-nextick-args-2.0.1.tgz#7820d9b16120cc55ca9ae7792680ae7dba6d7fe2"
    integrity sha512-3ouUOpQhtgrbOa17J7+uxOTpITYWaGP7/AhoR3+A+/1e9skrzelGi/dXzEYyvbxubEF6Wn2ypscTKiKJFFn1ag==
  
  promptly@^3.0.3:
    version "3.0.3"
    resolved "https://registry.yarnpkg.com/promptly/-/promptly-3.0.3.tgz#e178f722e73d82c60d019462044bccfdd9872f42"
    integrity sha512-EWnzOsxVKUjqKeE6SStH1/cO4+DE44QolaoJ4ojGd9z6pcNkpgfJKr1ncwxrOFHSTIzoudo7jG8y0re30/LO1g==
    dependencies:
      pify "^3.0.0"
      read "^1.0.4"
  
  psl@^1.1.24:
    version "1.7.0"
    resolved "https://registry.yarnpkg.com/psl/-/psl-1.7.0.tgz#f1c4c47a8ef97167dea5d6bbf4816d736e884a3c"
    integrity sha512-5NsSEDv8zY70ScRnOTn7bK7eanl2MvFrOrS/R6x+dBt5g1ghnj9Zv90kO8GwT8gxcu2ANyFprnFYB85IogIJOQ==
  
  punycode@1.3.2:
    version "1.3.2"
    resolved "https://registry.yarnpkg.com/punycode/-/punycode-1.3.2.tgz#9653a036fb7c1ee42342f2325cceefea3926c48d"
    integrity sha1-llOgNvt8HuQjQvIyXM7v6jkmxI0=
  
  punycode@^1.4.1:
    version "1.4.1"
    resolved "https://registry.yarnpkg.com/punycode/-/punycode-1.4.1.tgz#c0d5a63b2718800ad8e1eb0fa5269c84dd41845e"
    integrity sha1-wNWmOycYgArY4esPpSachN1BhF4=
  
  punycode@^2.1.0:
    version "2.1.1"
    resolved "https://registry.yarnpkg.com/punycode/-/punycode-2.1.1.tgz#b58b010ac40c22c5657616c8d2c2c02c7bf479ec"
    integrity sha512-XRsRjdf+j5ml+y/6GKHPZbrF/8p2Yga0JPtdqTIY2Xe5ohJPD9saDJJLPvp9+NSBprVvevdXZybnj2cv8OEd0A==
  
  qs@~6.5.2:
    version "6.5.2"
    resolved "https://registry.yarnpkg.com/qs/-/qs-6.5.2.tgz#cb3ae806e8740444584ef154ce8ee98d403f3e36"
    integrity sha512-N5ZAX4/LxJmF+7wN74pUD6qAh9/wnvdQcjq9TZjevvXzSUo7bfmw91saqMjzGS2xq91/odN2dW/WOl7qQHNDGA==
  
  querystring@0.2.0:
    version "0.2.0"
    resolved "https://registry.yarnpkg.com/querystring/-/querystring-0.2.0.tgz#b209849203bb25df820da756e747005878521620"
    integrity sha1-sgmEkgO7Jd+CDadW50cAWHhSFiA=
  
  read@^1.0.4:
    version "1.0.7"
    resolved "https://registry.yarnpkg.com/read/-/read-1.0.7.tgz#b3da19bd052431a97671d44a42634adf710b40c4"
    integrity sha1-s9oZvQUkMal2cdRKQmNK33ELQMQ=
    dependencies:
      mute-stream "~0.0.4"
  
  readable-stream@^2.0.0, readable-stream@^2.0.5, readable-stream@^2.3.6:
    version "2.3.7"
    resolved "https://registry.yarnpkg.com/readable-stream/-/readable-stream-2.3.7.tgz#1eca1cf711aef814c04f62252a36a62f6cb23b57"
    integrity sha512-Ebho8K4jIbHAxnuxi7o42OrZgF/ZTNcsZj6nRKyUmkhLFq8CHItp/fy6hQZuZmP/n3yZ9VBUbp4zz/mX8hmYPw==
    dependencies:
      core-util-is "~1.0.0"
      inherits "~2.0.3"
      isarray "~1.0.0"
      process-nextick-args "~2.0.0"
      safe-buffer "~5.1.1"
      string_decoder "~1.1.1"
      util-deprecate "~1.0.1"
  
  readable-stream@^3.0.1, readable-stream@^3.1.1, readable-stream@^3.4.0:
    version "3.4.0"
    resolved "https://registry.yarnpkg.com/readable-stream/-/readable-stream-3.4.0.tgz#a51c26754658e0a3c21dbf59163bd45ba6f447fc"
    integrity sha512-jItXPLmrSR8jmTRmRWJXCnGJsfy85mB3Wd/uINMXA65yrnFo0cPClFIUWzo2najVNSl+mx7/4W8ttlLWJe99pQ==
    dependencies:
      inherits "^2.0.3"
      string_decoder "^1.1.1"
      util-deprecate "^1.0.1"
  
  regenerator-runtime@^0.13.2:
    version "0.13.3"
    resolved "https://registry.yarnpkg.com/regenerator-runtime/-/regenerator-runtime-0.13.3.tgz#7cf6a77d8f5c6f60eb73c5fc1955b2ceb01e6bf5"
    integrity sha512-naKIZz2GQ8JWh///G7L3X6LaQUAMp2lvb1rvwwsURe/VXwD6VMfr+/1NuNw3ag8v2kY1aQ/go5SNn79O9JU7yw==
  
  request@^2.88.0:
    version "2.88.0"
    resolved "https://registry.yarnpkg.com/request/-/request-2.88.0.tgz#9c2fca4f7d35b592efe57c7f0a55e81052124fef"
    integrity sha512-NAqBSrijGLZdM0WZNsInLJpkJokL72XYjUpnB0iwsRgxh7dB6COrHnTBNwN0E+lHDAJzu7kLAkDeY08z2/A0hg==
    dependencies:
      aws-sign2 "~0.7.0"
      aws4 "^1.8.0"
      caseless "~0.12.0"
      combined-stream "~1.0.6"
      extend "~3.0.2"
      forever-agent "~0.6.1"
      form-data "~2.3.2"
      har-validator "~5.1.0"
      http-signature "~1.2.0"
      is-typedarray "~1.0.0"
      isstream "~0.1.2"
      json-stringify-safe "~5.0.1"
      mime-types "~2.1.19"
      oauth-sign "~0.9.0"
      performance-now "^2.1.0"
      qs "~6.5.2"
      safe-buffer "^5.1.2"
      tough-cookie "~2.4.3"
      tunnel-agent "^0.6.0"
      uuid "^3.3.2"
  
  require-directory@^2.1.1:
    version "2.1.1"
    resolved "https://registry.yarnpkg.com/require-directory/-/require-directory-2.1.1.tgz#8c64ad5fd30dab1c976e2344ffe7f792a6a6df42"
    integrity sha1-jGStX9MNqxyXbiNE/+f3kqam30I=
  
  require-main-filename@^2.0.0:
    version "2.0.0"
    resolved "https://registry.yarnpkg.com/require-main-filename/-/require-main-filename-2.0.0.tgz#d0b329ecc7cc0f61649f62215be69af54aa8989b"
    integrity sha512-NKN5kMDylKuldxYLSUfrbo5Tuzh4hd+2E8NPPX02mZtn1VuREQToYe/ZdlJy+J3uCpfaiGF05e7B8W0iXbQHmg==
  
  safe-buffer@^5.0.1, safe-buffer@^5.1.2, safe-buffer@~5.2.0:
    version "5.2.0"
    resolved "https://registry.yarnpkg.com/safe-buffer/-/safe-buffer-5.2.0.tgz#b74daec49b1148f88c64b68d49b1e815c1f2f519"
    integrity sha512-fZEwUGbVl7kouZs1jCdMLdt95hdIv0ZeHg6L7qPeciMZhZ+/gdesW4wgTARkrFWEpspjEATAzUGPG8N2jJiwbg==
  
  safe-buffer@~5.1.0, safe-buffer@~5.1.1:
    version "5.1.2"
    resolved "https://registry.yarnpkg.com/safe-buffer/-/safe-buffer-5.1.2.tgz#991ec69d296e0313747d59bdfd2b745c35f8828d"
    integrity sha512-Gd2UZBJDkXlY7GbJxfsE8/nvKkUEU1G38c1siN6QP6a9PT9MmHB8GnpscSmMJSoF8LOIrt8ud/wPtojys4G6+g==
  
  safer-buffer@^2.0.2, safer-buffer@^2.1.0, safer-buffer@~2.1.0:
    version "2.1.2"
    resolved "https://registry.yarnpkg.com/safer-buffer/-/safer-buffer-2.1.2.tgz#44fa161b0187b9549dd84bb91802f9bd8385cd6a"
    integrity sha512-YZo3K82SD7Riyi0E1EQPojLz7kpepnSQI9IyPbHHg1XXXevb5dJI7tpyN2ADxGcQbHG7vcyRHk0cbwqcQriUtg==
  
  sax@1.2.1:
    version "1.2.1"
    resolved "https://registry.yarnpkg.com/sax/-/sax-1.2.1.tgz#7b8e656190b228e81a66aea748480d828cd2d37a"
    integrity sha1-e45lYZCyKOgaZq6nSEgNgozS03o=
  
  sax@>=0.6.0:
    version "1.2.4"
    resolved "https://registry.yarnpkg.com/sax/-/sax-1.2.4.tgz#2816234e2378bddc4e5354fab5caa895df7100d9"
    integrity sha512-NqVDv9TpANUjFm0N8uM5GxL36UgKi9/atZw+x7YFnQ8ckwFGKrl4xX4yWtrey3UJm5nP1kUbnYgLopqWNSRhWw==
  
  semver@^7.1.1:
    version "7.1.1"
    resolved "https://registry.yarnpkg.com/semver/-/semver-7.1.1.tgz#29104598a197d6cbe4733eeecbe968f7b43a9667"
    integrity sha512-WfuG+fl6eh3eZ2qAf6goB7nhiCd7NPXhmyFxigB/TOkQyeLP8w8GsVehvtGNtnNmyboz4TgeK40B1Kbql/8c5A==
  
  set-blocking@^2.0.0:
    version "2.0.0"
    resolved "https://registry.yarnpkg.com/set-blocking/-/set-blocking-2.0.0.tgz#045f9782d011ae9a6803ddd382b24392b3d890f7"
    integrity sha1-BF+XgtARrppoA93TgrJDkrPYkPc=
  
  slice-ansi@^2.1.0:
    version "2.1.0"
    resolved "https://registry.yarnpkg.com/slice-ansi/-/slice-ansi-2.1.0.tgz#cacd7693461a637a5788d92a7dd4fba068e81636"
    integrity sha512-Qu+VC3EwYLldKa1fCxuuvULvSJOKEgk9pi8dZeCVK7TqBfUNTH4sFkk4joj8afVSfAYgJoSOetjx9QWOJ5mYoQ==
    dependencies:
      ansi-styles "^3.2.0"
      astral-regex "^1.0.0"
      is-fullwidth-code-point "^2.0.0"
  
  source-map-support@^0.5.16, source-map-support@^0.5.6:
    version "0.5.16"
    resolved "https://registry.yarnpkg.com/source-map-support/-/source-map-support-0.5.16.tgz#0ae069e7fe3ba7538c64c98515e35339eac5a042"
    integrity sha512-efyLRJDr68D9hBBNIPWFjhpFzURh+KJykQwvMyW5UiZzYwoF6l4YMMDIJJEyFWxWCqfyxLzz6tSfUFR+kXXsVQ==
    dependencies:
      buffer-from "^1.0.0"
      source-map "^0.6.0"
  
  source-map@^0.6.0:
    version "0.6.1"
    resolved "https://registry.yarnpkg.com/source-map/-/source-map-0.6.1.tgz#74722af32e9614e9c287a8d0bbde48b5e2f1a263"
    integrity sha512-UjgapumWlbMhkBgzT7Ykc5YXUT46F0iKu8SGXq0bcwP5dz/h0Plj6enJqjz1Zbq2l5WaqYnrVbwWOWMyF3F47g==
  
  sshpk@^1.7.0:
    version "1.16.1"
    resolved "https://registry.yarnpkg.com/sshpk/-/sshpk-1.16.1.tgz#fb661c0bef29b39db40769ee39fa70093d6f6877"
    integrity sha512-HXXqVUq7+pcKeLqqZj6mHFUMvXtOJt1uoUx09pFW6011inTMxqI8BA8PM95myrIyyKwdnzjdFjLiE6KBPVtJIg==
    dependencies:
      asn1 "~0.2.3"
      assert-plus "^1.0.0"
      bcrypt-pbkdf "^1.0.0"
      dashdash "^1.12.0"
      ecc-jsbn "~0.1.1"
      getpass "^0.1.1"
      jsbn "~0.1.0"
      safer-buffer "^2.0.2"
      tweetnacl "~0.14.0"
  
  string-width@^3.0.0:
    version "3.1.0"
    resolved "https://registry.yarnpkg.com/string-width/-/string-width-3.1.0.tgz#22767be21b62af1081574306f69ac51b62203961"
    integrity sha512-vafcv6KjVZKSgz06oM/H6GDBrAtz8vdhQakGjFIvNrHA6y3HCF1CInLy+QLq8dTJPQ1b+KDUqDFctkdRW44e1w==
    dependencies:
      emoji-regex "^7.0.1"
      is-fullwidth-code-point "^2.0.0"
      strip-ansi "^5.1.0"
  
  string-width@^4.1.0, string-width@^4.2.0:
    version "4.2.0"
    resolved "https://registry.yarnpkg.com/string-width/-/string-width-4.2.0.tgz#952182c46cc7b2c313d1596e623992bd163b72b5"
    integrity sha512-zUz5JD+tgqtuDjMhwIg5uFVV3dtqZ9yQJlZVfq4I01/K5Paj5UHj7VyrQOJvzawSVlKpObApbfD0Ed6yJc+1eg==
    dependencies:
      emoji-regex "^8.0.0"
      is-fullwidth-code-point "^3.0.0"
      strip-ansi "^6.0.0"
  
  string_decoder@^1.1.1:
    version "1.3.0"
    resolved "https://registry.yarnpkg.com/string_decoder/-/string_decoder-1.3.0.tgz#42f114594a46cf1a8e30b0a84f56c78c3edac21e"
    integrity sha512-hkRX8U1WjJFd8LsDJ2yQ/wWWxaopEsABU1XfkM8A+j0+85JAGppt16cr1Whg6KIbb4okU6Mql6BOj+uup/wKeA==
    dependencies:
      safe-buffer "~5.2.0"
  
  string_decoder@~1.1.1:
    version "1.1.1"
    resolved "https://registry.yarnpkg.com/string_decoder/-/string_decoder-1.1.1.tgz#9cf1611ba62685d7030ae9e4ba34149c3af03fc8"
    integrity sha512-n/ShnvDi6FHbbVfviro+WojiFzv+s8MPMHBczVePfUpDJLwoLT0ht1l4YwBCbi8pJAveEEdnkHyPyTP/mzRfwg==
    dependencies:
      safe-buffer "~5.1.0"
  
  strip-ansi@^5.1.0:
    version "5.2.0"
    resolved "https://registry.yarnpkg.com/strip-ansi/-/strip-ansi-5.2.0.tgz#8c9a536feb6afc962bdfa5b104a5091c1ad9c0ae"
    integrity sha512-DuRs1gKbBqsMKIZlrffwlug8MHkcnpjs5VPmL1PAh+mA30U0DTotfDZ0d2UUsXpPmPmMMJ6W773MaA3J+lbiWA==
    dependencies:
      ansi-regex "^4.1.0"
  
  strip-ansi@^6.0.0:
    version "6.0.0"
    resolved "https://registry.yarnpkg.com/strip-ansi/-/strip-ansi-6.0.0.tgz#0b1571dd7669ccd4f3e06e14ef1eed26225ae532"
    integrity sha512-AuvKTrTfQNYNIctbR1K/YGTR1756GycPsg7b9bdV9Duqur4gv6aKqHXah67Z8ImS7WEz5QVcOtlfW2rZEugt6w==
    dependencies:
      ansi-regex "^5.0.0"
  
  table@^5.4.6:
    version "5.4.6"
    resolved "https://registry.yarnpkg.com/table/-/table-5.4.6.tgz#1292d19500ce3f86053b05f0e8e7e4a3bb21079e"
    integrity sha512-wmEc8m4fjnob4gt5riFRtTu/6+4rSe12TpAELNSqHMfF3IqnA+CH37USM6/YR3qRZv7e56kAEAtd6nKZaxe0Ug==
    dependencies:
      ajv "^6.10.2"
      lodash "^4.17.14"
      slice-ansi "^2.1.0"
      string-width "^3.0.0"
  
  tar-stream@^2.1.0:
    version "2.1.0"
    resolved "https://registry.yarnpkg.com/tar-stream/-/tar-stream-2.1.0.tgz#d1aaa3661f05b38b5acc9b7020efdca5179a2cc3"
    integrity sha512-+DAn4Nb4+gz6WZigRzKEZl1QuJVOLtAwwF+WUxy1fJ6X63CaGaUAxJRD2KEn1OMfcbCjySTYpNC6WmfQoIEOdw==
    dependencies:
      bl "^3.0.0"
      end-of-stream "^1.4.1"
      fs-constants "^1.0.0"
      inherits "^2.0.3"
      readable-stream "^3.1.1"
  
  tough-cookie@~2.4.3:
    version "2.4.3"
    resolved "https://registry.yarnpkg.com/tough-cookie/-/tough-cookie-2.4.3.tgz#53f36da3f47783b0925afa06ff9f3b165280f781"
    integrity sha512-Q5srk/4vDM54WJsJio3XNn6K2sCG+CQ8G5Wz6bZhRZoAe/+TxjWB/GlFAnYEbkYVlON9FMk/fE3h2RLpPXo4lQ==
    dependencies:
      psl "^1.1.24"
      punycode "^1.4.1"
  
  ts-node@^8.6.2:
    version "8.6.2"
    resolved "https://registry.yarnpkg.com/ts-node/-/ts-node-8.6.2.tgz#7419a01391a818fbafa6f826a33c1a13e9464e35"
    integrity sha512-4mZEbofxGqLL2RImpe3zMJukvEvcO1XP8bj8ozBPySdCUXEcU5cIRwR0aM3R+VoZq7iXc8N86NC0FspGRqP4gg==
    dependencies:
      arg "^4.1.0"
      diff "^4.0.1"
      make-error "^1.1.1"
      source-map-support "^0.5.6"
      yn "3.1.1"
  
  tunnel-agent@^0.6.0:
    version "0.6.0"
    resolved "https://registry.yarnpkg.com/tunnel-agent/-/tunnel-agent-0.6.0.tgz#27a5dea06b36b04a0a9966774b290868f0fc40fd"
    integrity sha1-J6XeoGs2sEoKmWZ3SykIaPD8QP0=
    dependencies:
      safe-buffer "^5.0.1"
  
  tweetnacl@^0.14.3, tweetnacl@~0.14.0:
    version "0.14.5"
    resolved "https://registry.yarnpkg.com/tweetnacl/-/tweetnacl-0.14.5.tgz#5ae68177f192d4456269d108afa93ff8743f4f64"
    integrity sha1-WuaBd/GS1EViadEIr6k/+HQ/T2Q=
  
  typescript@^3.7.4:
    version "3.7.4"
    resolved "https://registry.yarnpkg.com/typescript/-/typescript-3.7.4.tgz#1743a5ec5fef6a1fa9f3e4708e33c81c73876c19"
    integrity sha512-A25xv5XCtarLwXpcDNZzCGvW2D1S3/bACratYBx2sax8PefsFhlYmkQicKHvpYflFS8if4zne5zT5kpJ7pzuvw==
  
  universalify@^0.1.0:
    version "0.1.2"
    resolved "https://registry.yarnpkg.com/universalify/-/universalify-0.1.2.tgz#b646f69be3942dabcecc9d6639c80dc105efaa66"
    integrity sha512-rBJeI5CXAlmy1pV+617WB9J63U6XcazHHF2f2dbJix4XzpUF0RS3Zbj0FGIOCAva5P/d/GBOYaACQ1w+0azUkg==
  
  uri-js@^4.2.2:
    version "4.2.2"
    resolved "https://registry.yarnpkg.com/uri-js/-/uri-js-4.2.2.tgz#94c540e1ff772956e2299507c010aea6c8838eb0"
    integrity sha512-KY9Frmirql91X2Qgjry0Wd4Y+YTdrdZheS8TFwvkbLWf/G5KNJDCh6pKL5OZctEW4+0Baa5idK2ZQuELRwPznQ==
    dependencies:
      punycode "^2.1.0"
  
  url@0.10.3:
    version "0.10.3"
    resolved "https://registry.yarnpkg.com/url/-/url-0.10.3.tgz#021e4d9c7705f21bbf37d03ceb58767402774c64"
    integrity sha1-Ah5NnHcF8hu/N9A861h2dAJ3TGQ=
    dependencies:
      punycode "1.3.2"
      querystring "0.2.0"
  
  util-deprecate@^1.0.1, util-deprecate@~1.0.1:
    version "1.0.2"
    resolved "https://registry.yarnpkg.com/util-deprecate/-/util-deprecate-1.0.2.tgz#450d4dc9fa70de732762fbd2d4a28981419a0ccf"
    integrity sha1-RQ1Nyfpw3nMnYvvS1KKJgUGaDM8=
  
  uuid@3.3.2:
    version "3.3.2"
    resolved "https://registry.yarnpkg.com/uuid/-/uuid-3.3.2.tgz#1b4af4955eb3077c501c23872fc6513811587131"
    integrity sha512-yXJmeNaw3DnnKAOKJE51sL/ZaYfWJRl1pK9dr19YFCu0ObS231AB1/LbqTKRAQ5kw8A90rA6fr4riOUpTZvQZA==
  
  uuid@^3.3.2, uuid@^3.3.3:
    version "3.3.3"
    resolved "https://registry.yarnpkg.com/uuid/-/uuid-3.3.3.tgz#4568f0216e78760ee1dbf3a4d2cf53e224112866"
    integrity sha512-pW0No1RGHgzlpHJO1nsVrHKpOEIxkGg1xB+v0ZmdNH5OAeAwzAVrCnI2/6Mtx+Uys6iaylxa+D3g4j63IKKjSQ==
  
  verror@1.10.0:
    version "1.10.0"
    resolved "https://registry.yarnpkg.com/verror/-/verror-1.10.0.tgz#3a105ca17053af55d6e270c1f8288682e18da400"
    integrity sha1-OhBcoXBTr1XW4nDB+CiGguGNpAA=
    dependencies:
      assert-plus "^1.0.0"
      core-util-is "1.0.2"
      extsprintf "^1.2.0"
  
  which-module@^2.0.0:
    version "2.0.0"
    resolved "https://registry.yarnpkg.com/which-module/-/which-module-2.0.0.tgz#d9ef07dce77b9902b8a3a8fa4b31c3e3f7e6e87a"
    integrity sha1-2e8H3Od7mQK4o6j6SzHD4/fm6Ho=
  
  wordwrap@>=0.0.2:
    version "1.0.0"
    resolved "https://registry.yarnpkg.com/wordwrap/-/wordwrap-1.0.0.tgz#27584810891456a4171c8d0226441ade90cbcaeb"
    integrity sha1-J1hIEIkUVqQXHI0CJkQa3pDLyus=
  
  wrap-ansi@^6.2.0:
    version "6.2.0"
    resolved "https://registry.yarnpkg.com/wrap-ansi/-/wrap-ansi-6.2.0.tgz#e9393ba07102e6c91a3b221478f0257cd2856e53"
    integrity sha512-r6lPcBGxZXlIcymEu7InxDMhdW0KDxpLgoFLcguasxCaJ/SOIZwINatK9KY/tf+ZrlywOKU0UDj3ATXUBfxJXA==
    dependencies:
      ansi-styles "^4.0.0"
      string-width "^4.1.0"
      strip-ansi "^6.0.0"
  
  wrappy@1:
    version "1.0.2"
    resolved "https://registry.yarnpkg.com/wrappy/-/wrappy-1.0.2.tgz#b5243d8f3ec1aa35f1364605bc0d1036e30ab69f"
    integrity sha1-tSQ9jz7BqjXxNkYFvA0QNuMKtp8=
  
  xml2js@0.4.19:
    version "0.4.19"
    resolved "https://registry.yarnpkg.com/xml2js/-/xml2js-0.4.19.tgz#686c20f213209e94abf0d1bcf1efaa291c7827a7"
    integrity sha512-esZnJZJOiJR9wWKMyuvSE1y6Dq5LCuJanqhxslH2bxM6duahNZ+HMpCLhBQGZkbX6xRf8x1Y2eJlgt2q3qo49Q==
    dependencies:
      sax ">=0.6.0"
      xmlbuilder "~9.0.1"
  
  xmlbuilder@~9.0.1:
    version "9.0.7"
    resolved "https://registry.yarnpkg.com/xmlbuilder/-/xmlbuilder-9.0.7.tgz#132ee63d2ec5565c557e20f4c22df9aca686b10d"
    integrity sha1-Ey7mPS7FVlxVfiD0wi35rKaGsQ0=
  
  xregexp@^4.2.4:
    version "4.2.4"
    resolved "https://registry.yarnpkg.com/xregexp/-/xregexp-4.2.4.tgz#02a4aea056d65a42632c02f0233eab8e4d7e57ed"
    integrity sha512-sO0bYdYeJAJBcJA8g7MJJX7UrOZIfJPd8U2SC7B2Dd/J24U0aQNoGp33shCaBSWeb0rD5rh6VBUIXOkGal1TZA==
    dependencies:
      "@babel/runtime-corejs2" "^7.2.0"
  
  y18n@^4.0.0:
    version "4.0.0"
    resolved "https://registry.yarnpkg.com/y18n/-/y18n-4.0.0.tgz#95ef94f85ecc81d007c264e190a120f0a3c8566b"
    integrity sha512-r9S/ZyXu/Xu9q1tYlpsLIsa3EeLXXk0VwlxqTcFRfg9EhMW+17kbt9G0NrgCmhGb5vT2hyhJZLfDGx+7+5Uj/w==
  
  yaml@^1.7.2:
    version "1.7.2"
    resolved "https://registry.yarnpkg.com/yaml/-/yaml-1.7.2.tgz#f26aabf738590ab61efaca502358e48dc9f348b2"
    integrity sha512-qXROVp90sb83XtAoqE8bP9RwAkTTZbugRUTm5YeFCBfNRPEp2YzTeqWiz7m5OORHzEvrA/qcGS8hp/E+MMROYw==
    dependencies:
      "@babel/runtime" "^7.6.3"
  
  yargs-parser@^16.1.0:
    version "16.1.0"
    resolved "https://registry.yarnpkg.com/yargs-parser/-/yargs-parser-16.1.0.tgz#73747d53ae187e7b8dbe333f95714c76ea00ecf1"
    integrity sha512-H/V41UNZQPkUMIT5h5hiwg4QKIY1RPvoBV4XcjUbRM8Bk2oKqqyZ0DIEbTFZB0XjbtSPG8SAa/0DxCQmiRgzKg==
    dependencies:
      camelcase "^5.0.0"
      decamelize "^1.2.0"
  
  yargs@^15.0.2:
    version "15.1.0"
    resolved "https://registry.yarnpkg.com/yargs/-/yargs-15.1.0.tgz#e111381f5830e863a89550bd4b136bb6a5f37219"
    integrity sha512-T39FNN1b6hCW4SOIk1XyTOWxtXdcen0t+XYrysQmChzSipvhBO8Bj0nK1ozAasdk24dNWuMZvr4k24nz+8HHLg==
    dependencies:
      cliui "^6.0.0"
      decamelize "^1.2.0"
      find-up "^4.1.0"
      get-caller-file "^2.0.1"
      require-directory "^2.1.1"
      require-main-filename "^2.0.0"
      set-blocking "^2.0.0"
      string-width "^4.2.0"
      which-module "^2.0.0"
      y18n "^4.0.0"
      yargs-parser "^16.1.0"
  
  yn@3.1.1:
    version "3.1.1"
    resolved "https://registry.yarnpkg.com/yn/-/yn-3.1.1.tgz#1e87401a09d767c1d5eab26a6e4c185182d2eb50"
    integrity sha512-Ux4ygGWsu2c7isFWe8Yu1YluJmqVhxqK2cLXNQA5AcC3QfbGNpM7fu0Y8b/z16pXLnFxZYvWhd3fhBY9DLmC6Q==
  
  zip-stream@^2.1.2:
    version "2.1.3"
    resolved "https://registry.yarnpkg.com/zip-stream/-/zip-stream-2.1.3.tgz#26cc4bdb93641a8590dd07112e1f77af1758865b"
    integrity sha512-EkXc2JGcKhO5N5aZ7TmuNo45budRaFGHOmz24wtJR7znbNqDPmdZtUauKX6et8KAVseAMBOyWJqEpXcHTBsh7Q==
    dependencies:
      archiver-utils "^2.1.0"
      compress-commons "^2.1.1"
      readable-stream "^3.4.0"
